[0.063s] Invoking command in '/home/curdin/franka_ros2_ws/build/franka_hardware': AMENT_PREFIX_PATH=/home/curdin/franka_ros2_ws/install/franka_msgs:${AMENT_PREFIX_PATH} CMAKE_PREFIX_PATH=/home/curdin/franka_ros2_ws/install/franka_msgs:/opt/ros/humble LD_LIBRARY_PATH=/home/curdin/franka_ros2_ws/install/franka_msgs/lib:${LD_LIBRARY_PATH} PYTHONPATH=/home/curdin/franka_ros2_ws/install/franka_msgs/local/lib/python3.10/dist-packages:${PYTHONPATH} /usr/bin/cmake /home/curdin/franka_ros2_ws/src/franka_ros2/franka_hardware -DCMAKE_BUILD_TYPE=Release -DCMAKE_INSTALL_PREFIX=/home/curdin/franka_ros2_ws/install/franka_hardware
[0.100s] -- The C compiler identification is GNU 11.4.0
[0.137s] -- The CXX compiler identification is GNU 11.4.0
[0.142s] -- Detecting C compiler ABI info
[0.187s] -- Detecting C compiler ABI info - done
[0.196s] -- Check for working C compiler: /usr/bin/cc - skipped
[0.196s] -- Detecting C compile features
[0.196s] -- Detecting C compile features - done
[0.199s] -- Detecting CXX compiler ABI info
[0.251s] -- Detecting CXX compiler ABI info - done
[0.256s] -- Check for working CXX compiler: /usr/bin/c++ - skipped
[0.256s] -- Detecting CXX compile features
[0.256s] -- Detecting CXX compile features - done
[0.257s] -- Found ament_cmake: 1.3.7 (/opt/ros/humble/share/ament_cmake/cmake)
[0.377s] -- Found Python3: /usr/bin/python3.10 (found version "3.10.12") found components: Interpreter 
[0.444s] -- Found rclcpp: 16.0.6 (/opt/ros/humble/share/rclcpp/cmake)
[0.479s] -- Found rosidl_generator_c: 3.1.5 (/opt/ros/humble/share/rosidl_generator_c/cmake)
[0.483s] -- Found rosidl_adapter: 3.1.5 (/opt/ros/humble/share/rosidl_adapter/cmake)
[0.490s] -- Found rosidl_generator_cpp: 3.1.5 (/opt/ros/humble/share/rosidl_generator_cpp/cmake)
[0.508s] -- Using all available rosidl_typesupport_c: rosidl_typesupport_fastrtps_c;rosidl_typesupport_introspection_c
[0.528s] -- Using all available rosidl_typesupport_cpp: rosidl_typesupport_fastrtps_cpp;rosidl_typesupport_introspection_cpp
[0.585s] -- Found rmw_implementation_cmake: 6.1.1 (/opt/ros/humble/share/rmw_implementation_cmake/cmake)
[0.587s] -- Found rmw_fastrtps_cpp: 6.2.4 (/opt/ros/humble/share/rmw_fastrtps_cpp/cmake)
[0.652s] -- Found OpenSSL: /usr/lib/x86_64-linux-gnu/libcrypto.so (found version "3.0.2")  
[0.670s] -- Found FastRTPS: /opt/ros/humble/include  
[0.702s] -- Using RMW implementation 'rmw_fastrtps_cpp' as default
[0.708s] -- Looking for pthread.h
[0.757s] -- Looking for pthread.h - found
[0.757s] -- Performing Test CMAKE_HAVE_LIBC_PTHREAD
[0.808s] -- Performing Test CMAKE_HAVE_LIBC_PTHREAD - Success
[0.809s] -- Found Threads: TRUE  
[0.916s] -- Found franka_msgs: 0.1.8 (/home/curdin/franka_ros2_ws/install/franka_msgs/share/franka_msgs/cmake)
[1.013s] -- Found hardware_interface: 2.37.0 (/opt/ros/humble/share/hardware_interface/cmake)
[1.358s] -- Found rclcpp_components: 16.0.6 (/opt/ros/humble/share/rclcpp_components/cmake)
[1.436s] -- Found ament_cmake_clang_format: 0.12.10 (/opt/ros/humble/share/ament_cmake_clang_format/cmake)
[1.437s] -- Found ament_cmake_copyright: 0.12.8 (/opt/ros/humble/share/ament_cmake_copyright/cmake)
[1.438s] -- Found ament_cmake_cppcheck: 0.12.8 (/opt/ros/humble/share/ament_cmake_cppcheck/cmake)
[1.439s] -- Found ament_cmake_flake8: 0.12.8 (/opt/ros/humble/share/ament_cmake_flake8/cmake)
[1.440s] -- Found ament_cmake_lint_cmake: 0.12.8 (/opt/ros/humble/share/ament_cmake_lint_cmake/cmake)
[1.441s] -- Found ament_cmake_pep257: 0.12.8 (/opt/ros/humble/share/ament_cmake_pep257/cmake)
[1.442s] -- Found ament_cmake_xmllint: 0.12.8 (/opt/ros/humble/share/ament_cmake_xmllint/cmake)
[1.446s] -- Found ament_cmake_gmock: 1.3.5 (/opt/ros/humble/share/ament_cmake_gmock/cmake)
[1.447s] -- Found gmock sources under '/opt/ros/humble/src/gmock_vendor': C++ tests using 'Google Mock' will be built
[1.450s] -- Found ament_cmake_gtest: 1.3.5 (/opt/ros/humble/share/ament_cmake_gtest/cmake)
[1.451s] -- Found gtest sources under '/opt/ros/humble/src/gtest_vendor': C++ tests using 'Google Test' will be built
[1.501s] -- Configuring done
[1.546s] -- Generating done
[1.548s] -- Build files have been written to: /home/curdin/franka_ros2_ws/build/franka_hardware
[1.558s] Invoked command in '/home/curdin/franka_ros2_ws/build/franka_hardware' returned '0': AMENT_PREFIX_PATH=/home/curdin/franka_ros2_ws/install/franka_msgs:${AMENT_PREFIX_PATH} CMAKE_PREFIX_PATH=/home/curdin/franka_ros2_ws/install/franka_msgs:/opt/ros/humble LD_LIBRARY_PATH=/home/curdin/franka_ros2_ws/install/franka_msgs/lib:${LD_LIBRARY_PATH} PYTHONPATH=/home/curdin/franka_ros2_ws/install/franka_msgs/local/lib/python3.10/dist-packages:${PYTHONPATH} /usr/bin/cmake /home/curdin/franka_ros2_ws/src/franka_ros2/franka_hardware -DCMAKE_BUILD_TYPE=Release -DCMAKE_INSTALL_PREFIX=/home/curdin/franka_ros2_ws/install/franka_hardware
[1.559s] Invoking command in '/home/curdin/franka_ros2_ws/build/franka_hardware': AMENT_PREFIX_PATH=/home/curdin/franka_ros2_ws/install/franka_msgs:${AMENT_PREFIX_PATH} CMAKE_PREFIX_PATH=/home/curdin/franka_ros2_ws/install/franka_msgs:/opt/ros/humble LD_LIBRARY_PATH=/home/curdin/franka_ros2_ws/install/franka_msgs/lib:${LD_LIBRARY_PATH} PYTHONPATH=/home/curdin/franka_ros2_ws/install/franka_msgs/local/lib/python3.10/dist-packages:${PYTHONPATH} /usr/bin/cmake --build /home/curdin/franka_ros2_ws/build/franka_hardware -- -j20 -l20
[1.595s] [  6%] [32mBuilding CXX object gmock/CMakeFiles/gmock_main.dir/src/gmock_main.cc.o[0m
[1.596s] [ 12%] [32mBuilding CXX object CMakeFiles/franka_hardware.dir/src/franka_param_service_server.cpp.o[0m
[1.597s] [ 18%] [32mBuilding CXX object CMakeFiles/franka_hardware.dir/src/franka_hardware_interface.cpp.o[0m
[1.599s] [ 25%] [32mBuilding CXX object CMakeFiles/franka_hardware.dir/src/franka_executor.cpp.o[0m
[1.599s] [ 31%] [32mBuilding CXX object CMakeFiles/franka_hardware.dir/src/robot.cpp.o[0m
[1.603s] [ 43%] [32mBuilding CXX object gmock/CMakeFiles/gmock.dir/src/gmock-all.cc.o[0m
[1.604s] [ 43%] [32mBuilding CXX object gmock/CMakeFiles/gmock.dir/opt/ros/humble/src/gtest_vendor/src/gtest-all.cc.o[0m
[3.189s] [ 50%] [32m[1mLinking CXX static library libgmock_main.a[0m
[3.226s] [ 50%] Built target gmock_main
[10.017s] [ 56%] [32m[1mLinking CXX shared library libfranka_hardware.so[0m
[10.333s] [ 56%] Built target franka_hardware
[11.434s] [ 62%] [32m[1mLinking CXX static library libgmock.a[0m
[11.478s] [ 62%] Built target gmock
[11.499s] [ 81%] [32mBuilding CXX object test/CMakeFiles/franka_hardware_command_interface_test.dir/franka_hardware_cartesian_command_interface_test.cpp.o[0m
[11.499s] [ 81%] [32mBuilding CXX object test/CMakeFiles/franka_hardware_test.dir/franka_hardware_interface_test.cpp.o[0m
[11.499s] [ 81%] [32mBuilding CXX object test/CMakeFiles/franka_hardware_robot_test.dir/franka_robot_test.cpp.o[0m
[17.109s] In file included from [01m[K/opt/ros/humble/src/gtest_vendor/include/gtest/gtest.h:375[m[K,
[17.109s]                  from [01m[K/opt/ros/humble/src/gmock_vendor/include/gmock/internal/gmock-internal-utils.h:47[m[K,
[17.109s]                  from [01m[K/opt/ros/humble/src/gmock_vendor/include/gmock/gmock-actions.h:51[m[K,
[17.109s]                  from [01m[K/opt/ros/humble/src/gmock_vendor/include/gmock/gmock.h:59[m[K,
[17.109s]                  from [01m[K/home/curdin/franka_ros2_ws/src/franka_ros2/franka_hardware/test/franka_hardware_interface_test.cpp:15[m[K:
[17.109s] [01m[K/home/curdin/franka_ros2_ws/src/franka_ros2/franka_hardware/test/franka_hardware_interface_test.cpp:[m[K In member function â€˜[01m[Kvirtual void FrankaHardwareInterfaceTest_given_that_the_robot_interfaces_are_set_when_call_export_state_interface_robot_model_interface_exists_Test::TestBody()[m[Kâ€™:
[17.110s] [01m[K/home/curdin/franka_ros2_ws/src/franka_ros2/franka_hardware/test/franka_hardware_interface_test.cpp:220:16:[m[K [01;35m[Kwarning: [m[Kdereferencing type-punned pointer will break strict-aliasing rules [[01;35m[K]8;;https://gcc.gnu.org/onlinedocs/gcc/Warning-Options.html#index-Wstrict-aliasing-Wstrict-aliasing]8;;[m[K]
[17.110s]   220 |               *[01;35m[Kreinterpret_cast<double*>(&model_address)[m[K,
[17.110s]       |                [01;35m[K^~~~~~~~~~~~~~~~~~~~~~~~~~~~~~~~~~~~~~~~~[m[K
[17.110s] [01m[K/opt/ros/humble/src/gtest_vendor/include/gtest/gtest_pred_impl.h:77:52:[m[K [01;36m[Knote: [m[Kin definition of macro â€˜[01m[KGTEST_ASSERT_[m[Kâ€™
[17.110s]    77 |   if (const ::testing::AssertionResult gtest_ar = ([01;36m[Kexpression[m[K)) \
[17.110s]       |                                                    [01;36m[K^~~~~~~~~~[m[K
[17.111s] [01m[K/opt/ros/humble/src/gtest_vendor/include/gtest/gtest_pred_impl.h:219:3:[m[K [01;36m[Knote: [m[Kin expansion of macro â€˜[01m[KGTEST_PRED_FORMAT3_[m[Kâ€™
[17.111s]   219 |   [01;36m[KGTEST_PRED_FORMAT3_[m[K(pred_format, v1, v2, v3, GTEST_NONFATAL_FAILURE_)
[17.111s]       |   [01;36m[K^~~~~~~~~~~~~~~~~~~[m[K
[17.111s] [01m[K/opt/ros/humble/src/gtest_vendor/include/gtest/gtest.h:2145:3:[m[K [01;36m[Knote: [m[Kin expansion of macro â€˜[01m[KEXPECT_PRED_FORMAT3[m[Kâ€™
[17.111s]  2145 |   [01;36m[KEXPECT_PRED_FORMAT3[m[K(::testing::internal::DoubleNearPredFormat, \
[17.111s]       |   [01;36m[K^~~~~~~~~~~~~~~~~~~[m[K
[17.111s] [01m[K/home/curdin/franka_ros2_ws/src/franka_ros2/franka_hardware/test/franka_hardware_interface_test.cpp:219:3:[m[K [01;36m[Knote: [m[Kin expansion of macro â€˜[01m[KEXPECT_NEAR[m[Kâ€™
[17.112s]   219 |   [01;36m[KEXPECT_NEAR[m[K(states[state_interface_size - 1].get_value(),
[17.112s]       |   [01;36m[K^~~~~~~~~~~[m[K
[17.113s] [01m[K/home/curdin/franka_ros2_ws/src/franka_ros2/franka_hardware/test/franka_hardware_interface_test.cpp:[m[K In member function â€˜[01m[Kvirtual void FrankaHardwareInterfaceTest_given_that_the_robot_interfaces_are_set_when_call_export_state_interface_robot_state_interface_exists_Test::TestBody()[m[Kâ€™:
[17.113s] [01m[K/home/curdin/franka_ros2_ws/src/franka_ros2/franka_hardware/test/franka_hardware_interface_test.cpp:251:16:[m[K [01;35m[Kwarning: [m[Kdereferencing type-punned pointer will break strict-aliasing rules [[01;35m[K]8;;https://gcc.gnu.org/onlinedocs/gcc/Warning-Options.html#index-Wstrict-aliasing-Wstrict-aliasing]8;;[m[K]
[17.113s]   251 |               *[01;35m[Kreinterpret_cast<double*>(&robot_state_address)[m[K,
[17.113s]       |                [01;35m[K^~~~~~~~~~~~~~~~~~~~~~~~~~~~~~~~~~~~~~~~~~~~~~~[m[K
[17.113s] [01m[K/opt/ros/humble/src/gtest_vendor/include/gtest/gtest_pred_impl.h:77:52:[m[K [01;36m[Knote: [m[Kin definition of macro â€˜[01m[KGTEST_ASSERT_[m[Kâ€™
[17.113s]    77 |   if (const ::testing::AssertionResult gtest_ar = ([01;36m[Kexpression[m[K)) \
[17.114s]       |                                                    [01;36m[K^~~~~~~~~~[m[K
[17.114s] [01m[K/opt/ros/humble/src/gtest_vendor/include/gtest/gtest_pred_impl.h:219:3:[m[K [01;36m[Knote: [m[Kin expansion of macro â€˜[01m[KGTEST_PRED_FORMAT3_[m[Kâ€™
[17.114s]   219 |   [01;36m[KGTEST_PRED_FORMAT3_[m[K(pred_format, v1, v2, v3, GTEST_NONFATAL_FAILURE_)
[17.114s]       |   [01;36m[K^~~~~~~~~~~~~~~~~~~[m[K
[17.114s] [01m[K/opt/ros/humble/src/gtest_vendor/include/gtest/gtest.h:2145:3:[m[K [01;36m[Knote: [m[Kin expansion of macro â€˜[01m[KEXPECT_PRED_FORMAT3[m[Kâ€™
[17.114s]  2145 |   [01;36m[KEXPECT_PRED_FORMAT3[m[K(::testing::internal::DoubleNearPredFormat, \
[17.114s]       |   [01;36m[K^~~~~~~~~~~~~~~~~~~[m[K
[17.114s] [01m[K/home/curdin/franka_ros2_ws/src/franka_ros2/franka_hardware/test/franka_hardware_interface_test.cpp:250:3:[m[K [01;36m[Knote: [m[Kin expansion of macro â€˜[01m[KEXPECT_NEAR[m[Kâ€™
[17.114s]   250 |   [01;36m[KEXPECT_NEAR[m[K(states[state_interface_size - 2].get_value(),
[17.115s]       |   [01;36m[K^~~~~~~~~~~[m[K
[24.388s] [ 87%] [32m[1mLinking CXX executable franka_hardware_robot_test[0m
[24.702s] [ 87%] Built target franka_hardware_robot_test
[25.349s] [ 93%] [32m[1mLinking CXX executable franka_hardware_command_interface_test[0m
[25.640s] [ 93%] Built target franka_hardware_command_interface_test
[32.582s] [100%] [32m[1mLinking CXX executable franka_hardware_test[0m
[32.785s] [100%] Built target franka_hardware_test
[32.797s] Invoked command in '/home/curdin/franka_ros2_ws/build/franka_hardware' returned '0': AMENT_PREFIX_PATH=/home/curdin/franka_ros2_ws/install/franka_msgs:${AMENT_PREFIX_PATH} CMAKE_PREFIX_PATH=/home/curdin/franka_ros2_ws/install/franka_msgs:/opt/ros/humble LD_LIBRARY_PATH=/home/curdin/franka_ros2_ws/install/franka_msgs/lib:${LD_LIBRARY_PATH} PYTHONPATH=/home/curdin/franka_ros2_ws/install/franka_msgs/local/lib/python3.10/dist-packages:${PYTHONPATH} /usr/bin/cmake --build /home/curdin/franka_ros2_ws/build/franka_hardware -- -j20 -l20
[32.817s] Invoking command in '/home/curdin/franka_ros2_ws/build/franka_hardware': AMENT_PREFIX_PATH=/home/curdin/franka_ros2_ws/install/franka_msgs:${AMENT_PREFIX_PATH} CMAKE_PREFIX_PATH=/home/curdin/franka_ros2_ws/install/franka_msgs:/opt/ros/humble LD_LIBRARY_PATH=/home/curdin/franka_ros2_ws/install/franka_msgs/lib:${LD_LIBRARY_PATH} PYTHONPATH=/home/curdin/franka_ros2_ws/install/franka_msgs/local/lib/python3.10/dist-packages:${PYTHONPATH} /usr/bin/cmake --install /home/curdin/franka_ros2_ws/build/franka_hardware
[32.821s] -- Install configuration: "Release"
[32.821s] -- Installing: /home/curdin/franka_ros2_ws/install/franka_hardware/share/franka_hardware/franka_hardware.xml
[32.821s] -- Installing: /home/curdin/franka_ros2_ws/install/franka_hardware/lib/libfranka_hardware.so
[32.822s] -- Set runtime path of "/home/curdin/franka_ros2_ws/install/franka_hardware/lib/libfranka_hardware.so" to ""
[32.822s] -- Installing: /home/curdin/franka_ros2_ws/install/franka_hardware/include
[32.822s] -- Installing: /home/curdin/franka_ros2_ws/install/franka_hardware/include/franka_hardware
[32.822s] -- Installing: /home/curdin/franka_ros2_ws/install/franka_hardware/include/franka_hardware/franka_hardware_interface.hpp
[32.822s] -- Installing: /home/curdin/franka_ros2_ws/install/franka_hardware/include/franka_hardware/franka_param_service_server.hpp
[32.822s] -- Installing: /home/curdin/franka_ros2_ws/install/franka_hardware/include/franka_hardware/robot.hpp
[32.823s] -- Installing: /home/curdin/franka_ros2_ws/install/franka_hardware/include/franka_hardware/franka_executor.hpp
[32.823s] -- Installing: /home/curdin/franka_ros2_ws/install/franka_hardware/include/franka_hardware/model.hpp
[32.823s] -- Installing: /home/curdin/franka_ros2_ws/install/franka_hardware/share/franka_hardware/environment/library_path.sh
[32.823s] -- Installing: /home/curdin/franka_ros2_ws/install/franka_hardware/share/franka_hardware/environment/library_path.dsv
[32.823s] -- Installing: /home/curdin/franka_ros2_ws/install/franka_hardware/share/ament_index/resource_index/package_run_dependencies/franka_hardware
[32.823s] -- Installing: /home/curdin/franka_ros2_ws/install/franka_hardware/share/ament_index/resource_index/parent_prefix_path/franka_hardware
[32.823s] -- Installing: /home/curdin/franka_ros2_ws/install/franka_hardware/share/franka_hardware/environment/ament_prefix_path.sh
[32.823s] -- Installing: /home/curdin/franka_ros2_ws/install/franka_hardware/share/franka_hardware/environment/ament_prefix_path.dsv
[32.823s] -- Installing: /home/curdin/franka_ros2_ws/install/franka_hardware/share/franka_hardware/environment/path.sh
[32.823s] -- Installing: /home/curdin/franka_ros2_ws/install/franka_hardware/share/franka_hardware/environment/path.dsv
[32.823s] -- Installing: /home/curdin/franka_ros2_ws/install/franka_hardware/share/franka_hardware/local_setup.bash
[32.823s] -- Installing: /home/curdin/franka_ros2_ws/install/franka_hardware/share/franka_hardware/local_setup.sh
[32.823s] -- Installing: /home/curdin/franka_ros2_ws/install/franka_hardware/share/franka_hardware/local_setup.zsh
[32.823s] -- Installing: /home/curdin/franka_ros2_ws/install/franka_hardware/share/franka_hardware/local_setup.dsv
[32.823s] -- Installing: /home/curdin/franka_ros2_ws/install/franka_hardware/share/franka_hardware/package.dsv
[32.824s] -- Installing: /home/curdin/franka_ros2_ws/install/franka_hardware/share/ament_index/resource_index/packages/franka_hardware
[32.824s] -- Installing: /home/curdin/franka_ros2_ws/install/franka_hardware/share/ament_index/resource_index/hardware_interface__pluginlib__plugin/franka_hardware
[32.824s] -- Installing: /home/curdin/franka_ros2_ws/install/franka_hardware/share/franka_hardware/cmake/ament_cmake_export_include_directories-extras.cmake
[32.824s] -- Installing: /home/curdin/franka_ros2_ws/install/franka_hardware/share/franka_hardware/cmake/ament_cmake_export_libraries-extras.cmake
[32.824s] -- Installing: /home/curdin/franka_ros2_ws/install/franka_hardware/share/franka_hardware/cmake/ament_cmake_export_dependencies-extras.cmake
[32.824s] -- Installing: /home/curdin/franka_ros2_ws/install/franka_hardware/share/franka_hardware/cmake/franka_hardwareConfig.cmake
[32.824s] -- Installing: /home/curdin/franka_ros2_ws/install/franka_hardware/share/franka_hardware/cmake/franka_hardwareConfig-version.cmake
[32.824s] -- Installing: /home/curdin/franka_ros2_ws/install/franka_hardware/share/franka_hardware/package.xml
[32.825s] Invoked command in '/home/curdin/franka_ros2_ws/build/franka_hardware' returned '0': AMENT_PREFIX_PATH=/home/curdin/franka_ros2_ws/install/franka_msgs:${AMENT_PREFIX_PATH} CMAKE_PREFIX_PATH=/home/curdin/franka_ros2_ws/install/franka_msgs:/opt/ros/humble LD_LIBRARY_PATH=/home/curdin/franka_ros2_ws/install/franka_msgs/lib:${LD_LIBRARY_PATH} PYTHONPATH=/home/curdin/franka_ros2_ws/install/franka_msgs/local/lib/python3.10/dist-packages:${PYTHONPATH} /usr/bin/cmake --install /home/curdin/franka_ros2_ws/build/franka_hardware
