/usr/bin/ld: CMakeFiles/cartesian_impedance_control_gravity_test.dir/test/test_gravity_compensation_example.cpp.o: warning: relocation against `_ZTVN26franka_example_controllers36GravityCompensationExampleControllerE' in read-only section `.text'
/usr/bin/ld: CMakeFiles/cartesian_impedance_control_gravity_test.dir/test/test_gravity_compensation_example.cpp.o: in function `TestGravityCompensationExample::SetUp()':
test_gravity_compensation_example.cpp:(.text+0x60): undefined reference to `vtable for franka_example_controllers::GravityCompensationExampleController'
/usr/bin/ld: warning: creating DT_TEXTREL in a PIE
collect2: error: ld returned 1 exit status
gmake[2]: *** [CMakeFiles/cartesian_impedance_control_gravity_test.dir/build.make:317: cartesian_impedance_control_gravity_test] Error 1
gmake[1]: *** [CMakeFiles/Makefile2:293: CMakeFiles/cartesian_impedance_control_gravity_test.dir/all] Error 2
gmake[1]: *** Waiting for unfinished jobs....
gmake: *** [Makefile:146: all] Error 2
