[0.081s] Invoking command in '/home/curdin/franka_ros2_ws/build/cartesian_impedance_control': AMENT_PREFIX_PATH=/home/curdin/franka_ros2_ws/install/franka_semantic_components:/home/curdin/franka_ros2_ws/install/franka_hardware:/home/curdin/franka_ros2_ws/install/franka_msgs:${AMENT_PREFIX_PATH} CMAKE_PREFIX_PATH=/home/curdin/franka_ros2_ws/install/franka_semantic_components:/home/curdin/franka_ros2_ws/install/franka_hardware:/home/curdin/franka_ros2_ws/install/franka_msgs:/opt/ros/humble LD_LIBRARY_PATH=/home/curdin/franka_ros2_ws/install/franka_semantic_components/lib:/home/curdin/franka_ros2_ws/install/franka_hardware/lib:/home/curdin/franka_ros2_ws/install/franka_msgs/lib:${LD_LIBRARY_PATH} PYTHONPATH=/home/curdin/franka_ros2_ws/install/franka_msgs/local/lib/python3.10/dist-packages:${PYTHONPATH} /usr/bin/cmake --build /home/curdin/franka_ros2_ws/build/cartesian_impedance_control -- -j20 -l20
[0.106s] [35m[1mConsolidate compiler generated dependencies of target gmock_main[0m
[0.109s] [35m[1mConsolidate compiler generated dependencies of target gmock[0m
[0.112s] [  6%] Built target franka_example_controllers_parameters
[0.116s] [ 18%] Built target gmock_main
[0.122s] [35m[1mConsolidate compiler generated dependencies of target cartesian_impedance_control[0m
[0.123s] [ 37%] Built target gmock
[0.135s] [35m[1mConsolidate compiler generated dependencies of target cartesian_impedance_control_test[0m
[0.135s] [35m[1mConsolidate compiler generated dependencies of target cartesian_impedance_control_test_load_move_to_start[0m
[0.144s] [ 50%] Built target cartesian_impedance_control
[0.154s] [ 62%] Built target cartesian_impedance_control_test
[0.156s] [35m[1mConsolidate compiler generated dependencies of target cartesian_impedance_control_gravity_test[0m
[0.159s] [ 75%] Built target cartesian_impedance_control_test_load_move_to_start
[0.160s] [35m[1mConsolidate compiler generated dependencies of target cartesian_impedance_control_move_to_start_test[0m
[0.174s] [ 81%] [32m[1mLinking CXX executable cartesian_impedance_control_gravity_test[0m
[0.182s] [ 87%] [32mBuilding CXX object CMakeFiles/cartesian_impedance_control_move_to_start_test.dir/test/test_move_to_start_example_controller.cpp.o[0m
[0.308s] /usr/bin/ld: CMakeFiles/cartesian_impedance_control_gravity_test.dir/test/test_gravity_compensation_example.cpp.o: warning: relocation against `_ZTVN26franka_example_controllers36GravityCompensationExampleControllerE' in read-only section `.text'
[0.316s] /usr/bin/ld: CMakeFiles/cartesian_impedance_control_gravity_test.dir/test/test_gravity_compensation_example.cpp.o: in function `TestGravityCompensationExample::SetUp()':
[0.317s] test_gravity_compensation_example.cpp:(.text+0x60): undefined reference to `vtable for franka_example_controllers::GravityCompensationExampleController'
[0.329s] /usr/bin/ld: warning: creating DT_TEXTREL in a PIE
[0.330s] collect2: error: ld returned 1 exit status
[0.330s] gmake[2]: *** [CMakeFiles/cartesian_impedance_control_gravity_test.dir/build.make:317: cartesian_impedance_control_gravity_test] Error 1
[0.331s] gmake[1]: *** [CMakeFiles/Makefile2:293: CMakeFiles/cartesian_impedance_control_gravity_test.dir/all] Error 2
[0.331s] gmake[1]: *** Waiting for unfinished jobs....
[3.336s] [ 93%] [32m[1mLinking CXX executable cartesian_impedance_control_move_to_start_test[0m
[3.442s] [ 93%] Built target cartesian_impedance_control_move_to_start_test
[3.443s] gmake: *** [Makefile:146: all] Error 2
[3.445s] Invoked command in '/home/curdin/franka_ros2_ws/build/cartesian_impedance_control' returned '2': AMENT_PREFIX_PATH=/home/curdin/franka_ros2_ws/install/franka_semantic_components:/home/curdin/franka_ros2_ws/install/franka_hardware:/home/curdin/franka_ros2_ws/install/franka_msgs:${AMENT_PREFIX_PATH} CMAKE_PREFIX_PATH=/home/curdin/franka_ros2_ws/install/franka_semantic_components:/home/curdin/franka_ros2_ws/install/franka_hardware:/home/curdin/franka_ros2_ws/install/franka_msgs:/opt/ros/humble LD_LIBRARY_PATH=/home/curdin/franka_ros2_ws/install/franka_semantic_components/lib:/home/curdin/franka_ros2_ws/install/franka_hardware/lib:/home/curdin/franka_ros2_ws/install/franka_msgs/lib:${LD_LIBRARY_PATH} PYTHONPATH=/home/curdin/franka_ros2_ws/install/franka_msgs/local/lib/python3.10/dist-packages:${PYTHONPATH} /usr/bin/cmake --build /home/curdin/franka_ros2_ws/build/cartesian_impedance_control -- -j20 -l20
