[  4%] Built target franka_example_controllers_parameters
[ 12%] Built target gmock_main
[ 25%] Built target gmock
[35m[1mConsolidate compiler generated dependencies of target franka_example_controllers[0m
[ 33%] Built target franka_example_controllers_test_load_move_to_start
[ 41%] Built target franka_example_controllers_test
[ 45%] [32mBuilding CXX object CMakeFiles/franka_example_controllers.dir/src/joint_impedance_example_controller.cpp.o[0m
In file included from [01m[K/opt/ros/humble/include/class_loader/class_loader/class_loader.hpp:56[m[K,
                 from [01m[K/opt/ros/humble/include/pluginlib/pluginlib/class_list_macros.hpp:40[m[K,
                 from [01m[K/home/curdin/franka_ros2_ws/src/franka_ros2/franka_example_controllers/src/joint_impedance_example_controller.cpp:291[m[K:
[01m[K/home/curdin/franka_ros2_ws/src/franka_ros2/franka_example_controllers/src/joint_impedance_example_controller.cpp:293:24:[m[K [01;31m[Kerror: [m[Kâ€˜[01m[Kfranka_example_controllers[m[Kâ€™ does not name a type; did you mean â€˜[01m[Kfranka_example_controllers_EXPORTS[m[Kâ€™?
  293 | PLUGINLIB_EXPORT_CLASS([01;31m[Kfranka_example_controllers[m[K::JointImpedanceExampleController,
      |                        [01;31m[K^~~~~~~~~~~~~~~~~~~~~~~~~~[m[K
[01m[K/home/curdin/franka_ros2_ws/src/franka_ros2/franka_example_controllers/src/joint_impedance_example_controller.cpp:[m[K In constructor â€˜[01m[K{anonymous}::ProxyExec0::ProxyExec0()[m[Kâ€™:
[01m[K/home/curdin/franka_ros2_ws/src/franka_ros2/franka_example_controllers/src/joint_impedance_example_controller.cpp:293:1:[m[K [01;31m[Kerror: [m[Kâ€˜[01m[K_derived[m[Kâ€™ was not declared in this scope
  293 | [01;31m[KPLUGINLIB_EXPORT_CLASS[m[K(franka_example_controllers::JointImpedanceExampleController,
      | [01;31m[K^~~~~~~~~~~~~~~~~~~~~~[m[K
[01m[K/home/curdin/franka_ros2_ws/src/franka_ros2/franka_example_controllers/src/joint_impedance_example_controller.cpp:293:1:[m[K [01;31m[Kerror: [m[Kno matching function for call to â€˜[01m[KregisterPlugin<<expression error>, {anonymous}::ProxyExec0::_base>(const char [60], const char [42])[m[Kâ€™
  293 | [01;31m[KPLUGINLIB_EXPORT_CLASS[m[K(franka_example_controllers::JointImpedanceExampleController,
      | [01;31m[K^~~~~~~~~~~~~~~~~~~~~~[m[K
In file included from [01m[K/opt/ros/humble/include/class_loader/class_loader/class_loader.hpp:55[m[K,
                 from [01m[K/opt/ros/humble/include/pluginlib/pluginlib/class_list_macros.hpp:40[m[K,
                 from [01m[K/home/curdin/franka_ros2_ws/src/franka_ros2/franka_example_controllers/src/joint_impedance_example_controller.cpp:291[m[K:
[01m[K/opt/ros/humble/include/class_loader/class_loader/class_loader_core.hpp:210:6:[m[K [01;36m[Knote: [m[Kcandidate: â€˜[01m[Ktemplate<class Derived, class Base> void class_loader::impl::registerPlugin(const string&, const string&)[m[Kâ€™
  210 | void [01;36m[KregisterPlugin[m[K(const std::string & class_name, const std::string & base_class_name)
      |      [01;36m[K^~~~~~~~~~~~~~[m[K
[01m[K/opt/ros/humble/include/class_loader/class_loader/class_loader_core.hpp:210:6:[m[K [01;36m[Knote: [m[K  template argument deduction/substitution failed:
In file included from [01m[K/opt/ros/humble/include/class_loader/class_loader/class_loader.hpp:56[m[K,
                 from [01m[K/opt/ros/humble/include/pluginlib/pluginlib/class_list_macros.hpp:40[m[K,
                 from [01m[K/home/curdin/franka_ros2_ws/src/franka_ros2/franka_example_controllers/src/joint_impedance_example_controller.cpp:291[m[K:
[01m[K/home/curdin/franka_ros2_ws/src/franka_ros2/franka_example_controllers/src/joint_impedance_example_controller.cpp:293:1:[m[K [01;31m[Kerror: [m[Ktemplate argument 1 is invalid
  293 | [01;31m[KPLUGINLIB_EXPORT_CLASS[m[K(franka_example_controllers::JointImpedanceExampleController,
      | [01;31m[K^~~~~~~~~~~~~~~~~~~~~~[m[K
gmake[2]: *** [CMakeFiles/franka_example_controllers.dir/build.make:90: CMakeFiles/franka_example_controllers.dir/src/joint_impedance_example_controller.cpp.o] Error 1
gmake[1]: *** [CMakeFiles/Makefile2:184: CMakeFiles/franka_example_controllers.dir/all] Error 2
gmake: *** [Makefile:146: all] Error 2
