-- Found ament_cmake: 1.3.7 (/opt/ros/humble/share/ament_cmake/cmake)
-- Found rclcpp: 16.0.6 (/opt/ros/humble/share/rclcpp/cmake)
-- Found rosidl_generator_c: 3.1.5 (/opt/ros/humble/share/rosidl_generator_c/cmake)
-- Found rosidl_adapter: 3.1.5 (/opt/ros/humble/share/rosidl_adapter/cmake)
-- Found rosidl_generator_cpp: 3.1.5 (/opt/ros/humble/share/rosidl_generator_cpp/cmake)
-- Using all available rosidl_typesupport_c: rosidl_typesupport_fastrtps_c;rosidl_typesupport_introspection_c
-- Using all available rosidl_typesupport_cpp: rosidl_typesupport_fastrtps_cpp;rosidl_typesupport_introspection_cpp
-- Found rmw_implementation_cmake: 6.1.1 (/opt/ros/humble/share/rmw_implementation_cmake/cmake)
-- Found rmw_fastrtps_cpp: 6.2.4 (/opt/ros/humble/share/rmw_fastrtps_cpp/cmake)
-- Using RMW implementation 'rmw_fastrtps_cpp' as default
-- Found controller_interface: 2.32.0 (/opt/ros/humble/share/controller_interface/cmake)
-- Found franka_msgs: 0.1.8 (/home/curdin/franka_ros2_ws/install/franka_msgs/share/franka_msgs/cmake)
-- Found franka_semantic_components: 0.1.0 (/home/curdin/franka_ros2_ws/install/franka_semantic_components/share/franka_semantic_components/cmake)
-- Found generate_parameter_library: 0.3.7 (/opt/ros/humble/share/generate_parameter_library/cmake)
-- Found parameter_traits: 0.3.6 (/opt/ros/humble/share/parameter_traits/cmake)
-- Found ament_cmake_clang_format: 0.12.10 (/opt/ros/humble/share/ament_cmake_clang_format/cmake)
-- Found ament_cmake_copyright: 0.12.8 (/opt/ros/humble/share/ament_cmake_copyright/cmake)
-- Found ament_cmake_cppcheck: 0.12.8 (/opt/ros/humble/share/ament_cmake_cppcheck/cmake)
-- Found ament_cmake_flake8: 0.12.8 (/opt/ros/humble/share/ament_cmake_flake8/cmake)
-- Found ament_cmake_lint_cmake: 0.12.8 (/opt/ros/humble/share/ament_cmake_lint_cmake/cmake)
-- Found ament_cmake_pep257: 0.12.8 (/opt/ros/humble/share/ament_cmake_pep257/cmake)
-- Found ament_cmake_xmllint: 0.12.8 (/opt/ros/humble/share/ament_cmake_xmllint/cmake)
-- Found ament_cmake_gmock: 1.3.5 (/opt/ros/humble/share/ament_cmake_gmock/cmake)
-- Found controller_manager: 2.37.0 (/opt/ros/humble/share/controller_manager/cmake)
-- Found ros2_control_test_assets: 2.37.0 (/opt/ros/humble/share/ros2_control_test_assets/cmake)
-- Found gmock sources under '/opt/ros/humble/src/gmock_vendor': C++ tests using 'Google Mock' will be built
-- Found ament_cmake_gtest: 1.3.5 (/opt/ros/humble/share/ament_cmake_gtest/cmake)
-- Found gtest sources under '/opt/ros/humble/src/gtest_vendor': C++ tests using 'Google Test' will be built
-- Configuring done
-- Generating done
-- Build files have been written to: /home/curdin/franka_ros2_ws/build/cartesian_impedance_control
[35m[1mConsolidate compiler generated dependencies of target gmock_main[0m
[35m[1mConsolidate compiler generated dependencies of target gmock[0m
[35m[1mConsolidate compiler generated dependencies of target cartesian_impedance_control[0m
[ 13%] Built target gmock_main
[ 33%] Built target gmock
[ 46%] Built target cartesian_impedance_control
[35m[1mConsolidate compiler generated dependencies of target cartesian_impedance_control_test_load_move_to_start[0m
[35m[1mConsolidate compiler generated dependencies of target cartesian_impedance_control_test[0m
[35m[1mConsolidate compiler generated dependencies of target cartesian_impedance_control_gravity_test[0m
[35m[1mConsolidate compiler generated dependencies of target cartesian_impedance_control_move_to_start_test[0m
[ 73%] Built target cartesian_impedance_control_test
[ 73%] Built target cartesian_impedance_control_test_load_move_to_start
[ 80%] [32m[1mLinking CXX executable cartesian_impedance_control_gravity_test[0m
[ 86%] [32m[1mLinking CXX executable cartesian_impedance_control_move_to_start_test[0m
/usr/bin/ld: CMakeFiles/cartesian_impedance_control_gravity_test.dir/test/test_gravity_compensation_example.cpp.o: warning: relocation against `_ZTVN26franka_example_controllers36GravityCompensationExampleControllerE' in read-only section `.text'
/usr/bin/ld: CMakeFiles/cartesian_impedance_control_move_to_start_test.dir/test/test_move_to_start_example_controller.cpp.o: warning: relocation against `_ZTVN26franka_example_controllers28MoveToStartExampleControllerE' in read-only section `.text'
/usr/bin/ld: CMakeFiles/cartesian_impedance_control_gravity_test.dir/test/test_gravity_compensation_example.cpp.o: in function `TestGravityCompensationExample::SetUp()':
test_gravity_compensation_example.cpp:(.text+0x60): undefined reference to `vtable for franka_example_controllers::GravityCompensationExampleController'
/usr/bin/ld: CMakeFiles/cartesian_impedance_control_move_to_start_test.dir/test/test_move_to_start_example_controller.cpp.o: in function `MoveToStartExampleControllerTest::SetUp()':
test_move_to_start_example_controller.cpp:(.text+0x12f): undefined reference to `vtable for franka_example_controllers::MoveToStartExampleController'
/usr/bin/ld: warning: creating DT_TEXTREL in a PIE
/usr/bin/ld: warning: creating DT_TEXTREL in a PIE
collect2: error: ld returned 1 exit status
gmake[2]: *** [CMakeFiles/cartesian_impedance_control_gravity_test.dir/build.make:315: cartesian_impedance_control_gravity_test] Error 1
gmake[1]: *** [CMakeFiles/Makefile2:264: CMakeFiles/cartesian_impedance_control_gravity_test.dir/all] Error 2
gmake[1]: *** Waiting for unfinished jobs....
collect2: error: ld returned 1 exit status
gmake[2]: *** [CMakeFiles/cartesian_impedance_control_move_to_start_test.dir/build.make:315: cartesian_impedance_control_move_to_start_test] Error 1
gmake[1]: *** [CMakeFiles/Makefile2:292: CMakeFiles/cartesian_impedance_control_move_to_start_test.dir/all] Error 2
gmake: *** [Makefile:146: all] Error 2
