[0.080s] Invoking command in '/home/curdin/franka_ros2_ws/build/cartesian_impedance_control': AMENT_PREFIX_PATH=/home/curdin/franka_ros2_ws/install/franka_semantic_components:/home/curdin/franka_ros2_ws/install/franka_hardware:/home/curdin/franka_ros2_ws/install/franka_msgs:${AMENT_PREFIX_PATH} CMAKE_PREFIX_PATH=/home/curdin/franka_ros2_ws/install/franka_semantic_components:/home/curdin/franka_ros2_ws/install/franka_hardware:/home/curdin/franka_ros2_ws/install/franka_msgs:/opt/ros/humble LD_LIBRARY_PATH=/home/curdin/franka_ros2_ws/install/franka_semantic_components/lib:/home/curdin/franka_ros2_ws/install/franka_hardware/lib:/home/curdin/franka_ros2_ws/install/franka_msgs/lib:${LD_LIBRARY_PATH} PYTHONPATH=/home/curdin/franka_ros2_ws/install/franka_msgs/local/lib/python3.10/dist-packages:${PYTHONPATH} /usr/bin/cmake --build /home/curdin/franka_ros2_ws/build/cartesian_impedance_control -- -j20 -l20
[0.105s] [35m[1mConsolidate compiler generated dependencies of target cartesian_impedance_control[0m
[0.105s] [35m[1mConsolidate compiler generated dependencies of target gmock[0m
[0.108s] [35m[1mConsolidate compiler generated dependencies of target gmock_main[0m
[0.117s] [ 20%] Built target gmock
[0.122s] [ 33%] Built target gmock_main
[0.123s] [ 46%] Built target cartesian_impedance_control
[0.133s] [35m[1mConsolidate compiler generated dependencies of target cartesian_impedance_control_test_load_move_to_start[0m
[0.135s] [35m[1mConsolidate compiler generated dependencies of target cartesian_impedance_control_move_to_start_test[0m
[0.135s] [35m[1mConsolidate compiler generated dependencies of target cartesian_impedance_control_test[0m
[0.137s] [35m[1mConsolidate compiler generated dependencies of target cartesian_impedance_control_gravity_test[0m
[0.155s] [ 53%] [32mBuilding CXX object CMakeFiles/cartesian_impedance_control_test_load_move_to_start.dir/test/test_load_move_to_start_example_controller.cpp.o[0m
[0.160s] [ 60%] [32mBuilding CXX object CMakeFiles/cartesian_impedance_control_gravity_test.dir/test/test_gravity_compensation_example.cpp.o[0m
[0.161s] [01m[Kcc1plus:[m[K [01;31m[Kfatal error: [m[K/home/curdin/franka_ros2_ws/src/cartesian_impedance_control/test/test_load_move_to_start_example_controller.cpp: No such file or directory
[0.161s] compilation terminated.
[0.162s] [ 66%] [32mBuilding CXX object CMakeFiles/cartesian_impedance_control_test.dir/test/test_load_gravity_compensation_controller.cpp.o[0m
[0.162s] gmake[2]: *** [CMakeFiles/cartesian_impedance_control_test_load_move_to_start.dir/build.make:76: CMakeFiles/cartesian_impedance_control_test_load_move_to_start.dir/test/test_load_move_to_start_example_controller.cpp.o] Error 1
[0.162s] gmake[1]: *** [CMakeFiles/Makefile2:236: CMakeFiles/cartesian_impedance_control_test_load_move_to_start.dir/all] Error 2
[0.162s] gmake[1]: *** Waiting for unfinished jobs....
[0.163s] [ 73%] [32mBuilding CXX object CMakeFiles/cartesian_impedance_control_move_to_start_test.dir/test/test_move_to_start_example_controller.cpp.o[0m
[0.165s] [01m[Kcc1plus:[m[K [01;31m[Kfatal error: [m[K/home/curdin/franka_ros2_ws/src/cartesian_impedance_control/test/test_gravity_compensation_example.cpp: No such file or directory
[0.165s] compilation terminated.
[0.166s] gmake[2]: *** [CMakeFiles/cartesian_impedance_control_gravity_test.dir/build.make:76: CMakeFiles/cartesian_impedance_control_gravity_test.dir/test/test_gravity_compensation_example.cpp.o] Error 1
[0.166s] gmake[1]: *** [CMakeFiles/Makefile2:264: CMakeFiles/cartesian_impedance_control_gravity_test.dir/all] Error 2
[0.166s] [01m[Kcc1plus:[m[K [01;31m[Kfatal error: [m[K/home/curdin/franka_ros2_ws/src/cartesian_impedance_control/test/test_load_gravity_compensation_controller.cpp: No such file or directory
[0.166s] compilation terminated.
[0.167s] gmake[2]: *** [CMakeFiles/cartesian_impedance_control_test.dir/build.make:76: CMakeFiles/cartesian_impedance_control_test.dir/test/test_load_gravity_compensation_controller.cpp.o] Error 1
[0.167s] gmake[1]: *** [CMakeFiles/Makefile2:209: CMakeFiles/cartesian_impedance_control_test.dir/all] Error 2
[0.169s] [01m[Kcc1plus:[m[K [01;31m[Kfatal error: [m[K/home/curdin/franka_ros2_ws/src/cartesian_impedance_control/test/test_move_to_start_example_controller.cpp: No such file or directory
[0.169s] compilation terminated.
[0.169s] gmake[2]: *** [CMakeFiles/cartesian_impedance_control_move_to_start_test.dir/build.make:76: CMakeFiles/cartesian_impedance_control_move_to_start_test.dir/test/test_move_to_start_example_controller.cpp.o] Error 1
[0.170s] gmake[1]: *** [CMakeFiles/Makefile2:292: CMakeFiles/cartesian_impedance_control_move_to_start_test.dir/all] Error 2
[0.170s] gmake: *** [Makefile:146: all] Error 2
[0.174s] Invoked command in '/home/curdin/franka_ros2_ws/build/cartesian_impedance_control' returned '2': AMENT_PREFIX_PATH=/home/curdin/franka_ros2_ws/install/franka_semantic_components:/home/curdin/franka_ros2_ws/install/franka_hardware:/home/curdin/franka_ros2_ws/install/franka_msgs:${AMENT_PREFIX_PATH} CMAKE_PREFIX_PATH=/home/curdin/franka_ros2_ws/install/franka_semantic_components:/home/curdin/franka_ros2_ws/install/franka_hardware:/home/curdin/franka_ros2_ws/install/franka_msgs:/opt/ros/humble LD_LIBRARY_PATH=/home/curdin/franka_ros2_ws/install/franka_semantic_components/lib:/home/curdin/franka_ros2_ws/install/franka_hardware/lib:/home/curdin/franka_ros2_ws/install/franka_msgs/lib:${LD_LIBRARY_PATH} PYTHONPATH=/home/curdin/franka_ros2_ws/install/franka_msgs/local/lib/python3.10/dist-packages:${PYTHONPATH} /usr/bin/cmake --build /home/curdin/franka_ros2_ws/build/cartesian_impedance_control -- -j20 -l20
