[0.000000] (-) TimerEvent: {}
[0.000506] (-) JobUnselected: {'identifier': 'franka_bringup'}
[0.000561] (-) JobUnselected: {'identifier': 'franka_description'}
[0.000572] (-) JobUnselected: {'identifier': 'franka_gripper'}
[0.000580] (-) JobUnselected: {'identifier': 'franka_hardware'}
[0.000589] (-) JobUnselected: {'identifier': 'franka_moveit_config'}
[0.000597] (-) JobUnselected: {'identifier': 'franka_msgs'}
[0.000604] (-) JobUnselected: {'identifier': 'franka_robot_state_broadcaster'}
[0.000611] (-) JobUnselected: {'identifier': 'franka_semantic_components'}
[0.000619] (-) JobUnselected: {'identifier': 'integration_launch_testing'}
[0.000627] (-) JobUnselected: {'identifier': 'joint_trajectory_controller'}
[0.000636] (franka_example_controllers) JobQueued: {'identifier': 'franka_example_controllers', 'dependencies': OrderedDict([('franka_msgs', '/home/curdin/franka_ros2_ws/install/franka_msgs'), ('franka_hardware', '/home/curdin/franka_ros2_ws/install/franka_hardware'), ('franka_semantic_components', '/home/curdin/franka_ros2_ws/install/franka_semantic_components')])}
[0.000649] (franka_example_controllers) JobStarted: {'identifier': 'franka_example_controllers'}
[0.035181] (franka_example_controllers) JobProgress: {'identifier': 'franka_example_controllers', 'progress': 'cmake'}
[0.035737] (franka_example_controllers) JobProgress: {'identifier': 'franka_example_controllers', 'progress': 'build'}
[0.035768] (franka_example_controllers) Command: {'cmd': ['/usr/bin/cmake', '--build', '/home/curdin/franka_ros2_ws/build/franka_example_controllers', '--', '-j20', '-l20'], 'cwd': '/home/curdin/franka_ros2_ws/build/franka_example_controllers', 'env': OrderedDict([('LESSOPEN', '| /usr/bin/lesspipe %s'), ('USER', 'curdin'), ('LC_TIME', 'fr_FR.UTF-8'), ('XDG_SESSION_TYPE', 'wayland'), ('SHLVL', '1'), ('LD_LIBRARY_PATH', '/home/curdin/franka_ros2_ws/install/franka_semantic_components/lib:/home/curdin/franka_ros2_ws/install/franka_hardware/lib:/home/curdin/franka_ros2_ws/install/franka_msgs/lib:/home/curdin/franka_ros2_ws/install/joint_trajectory_controller/lib:/home/curdin/franka_ros2_ws/install/integration_launch_testing/lib:/home/curdin/franka_ros2_ws/install/franka_robot_state_broadcaster/lib:/home/curdin/franka_ros2_ws/install/franka_example_controllers/lib:/home/curdin/franka_ros2_ws/install/franka_gripper/lib:/opt/ros/humble/opt/rviz_ogre_vendor/lib:/opt/ros/humble/lib/x86_64-linux-gnu:/opt/ros/humble/lib'), ('HOME', '/home/curdin'), ('OLDPWD', '/home/curdin'), ('DESKTOP_SESSION', 'ubuntu'), ('ROS_PYTHON_VERSION', '3'), ('GNOME_SHELL_SESSION_MODE', 'ubuntu'), ('GTK_MODULES', 'gail:atk-bridge'), ('LC_MONETARY', 'fr_FR.UTF-8'), ('SYSTEMD_EXEC_PID', '2657'), ('DBUS_SESSION_BUS_ADDRESS', 'unix:path=/run/user/1000/bus'), ('COLORTERM', 'truecolor'), ('_colcon_cd_root', '/opt/ros/humble/'), ('IM_CONFIG_PHASE', '1'), ('WAYLAND_DISPLAY', 'wayland-0'), ('COLCON_PREFIX_PATH', '/home/curdin/franka_ros2_ws/install'), ('ROS_DISTRO', 'humble'), ('LOGNAME', 'curdin'), ('_', '/usr/bin/colcon'), ('ROS_VERSION', '2'), ('XDG_SESSION_CLASS', 'user'), ('USERNAME', 'curdin'), ('TERM', 'xterm-256color'), ('GNOME_DESKTOP_SESSION_ID', 'this-is-deprecated'), ('ROS_LOCALHOST_ONLY', '0'), ('PATH', '/opt/ros/humble/bin:/usr/local/sbin:/usr/local/bin:/usr/sbin:/usr/bin:/sbin:/bin:/usr/games:/usr/local/games:/snap/bin:/snap/bin'), ('SESSION_MANAGER', 'local/curdin-Legion-5-15IAH7H:@/tmp/.ICE-unix/2638,unix/curdin-Legion-5-15IAH7H:/tmp/.ICE-unix/2638'), ('XDG_MENU_PREFIX', 'gnome-'), ('LC_ADDRESS', 'fr_FR.UTF-8'), ('GNOME_TERMINAL_SCREEN', '/org/gnome/Terminal/screen/41b99dec_6b86_4281_aa6d_e00c9e267a45'), ('GNOME_SETUP_DISPLAY', ':1'), ('XDG_RUNTIME_DIR', '/run/user/1000'), ('DISPLAY', ':0'), ('LANG', 'en_US.UTF-8'), ('XDG_CURRENT_DESKTOP', 'ubuntu:GNOME'), ('LC_TELEPHONE', 'fr_FR.UTF-8'), ('XMODIFIERS', '@im=ibus'), ('XDG_SESSION_DESKTOP', 'ubuntu'), ('XAUTHORITY', '/run/user/1000/.mutter-Xwaylandauth.CRFBJ2'), ('LS_COLORS', 'rs=0:di=01;34:ln=01;36:mh=00:pi=40;33:so=01;35:do=01;35:bd=40;33;01:cd=40;33;01:or=40;31;01:mi=00:su=37;41:sg=30;43:ca=30;41:tw=30;42:ow=34;42:st=37;44:ex=01;32:*.tar=01;31:*.tgz=01;31:*.arc=01;31:*.arj=01;31:*.taz=01;31:*.lha=01;31:*.lz4=01;31:*.lzh=01;31:*.lzma=01;31:*.tlz=01;31:*.txz=01;31:*.tzo=01;31:*.t7z=01;31:*.zip=01;31:*.z=01;31:*.dz=01;31:*.gz=01;31:*.lrz=01;31:*.lz=01;31:*.lzo=01;31:*.xz=01;31:*.zst=01;31:*.tzst=01;31:*.bz2=01;31:*.bz=01;31:*.tbz=01;31:*.tbz2=01;31:*.tz=01;31:*.deb=01;31:*.rpm=01;31:*.jar=01;31:*.war=01;31:*.ear=01;31:*.sar=01;31:*.rar=01;31:*.alz=01;31:*.ace=01;31:*.zoo=01;31:*.cpio=01;31:*.7z=01;31:*.rz=01;31:*.cab=01;31:*.wim=01;31:*.swm=01;31:*.dwm=01;31:*.esd=01;31:*.jpg=01;35:*.jpeg=01;35:*.mjpg=01;35:*.mjpeg=01;35:*.gif=01;35:*.bmp=01;35:*.pbm=01;35:*.pgm=01;35:*.ppm=01;35:*.tga=01;35:*.xbm=01;35:*.xpm=01;35:*.tif=01;35:*.tiff=01;35:*.png=01;35:*.svg=01;35:*.svgz=01;35:*.mng=01;35:*.pcx=01;35:*.mov=01;35:*.mpg=01;35:*.mpeg=01;35:*.m2v=01;35:*.mkv=01;35:*.webm=01;35:*.webp=01;35:*.ogm=01;35:*.mp4=01;35:*.m4v=01;35:*.mp4v=01;35:*.vob=01;35:*.qt=01;35:*.nuv=01;35:*.wmv=01;35:*.asf=01;35:*.rm=01;35:*.rmvb=01;35:*.flc=01;35:*.avi=01;35:*.fli=01;35:*.flv=01;35:*.gl=01;35:*.dl=01;35:*.xcf=01;35:*.xwd=01;35:*.yuv=01;35:*.cgm=01;35:*.emf=01;35:*.ogv=01;35:*.ogx=01;35:*.aac=00;36:*.au=00;36:*.flac=00;36:*.m4a=00;36:*.mid=00;36:*.midi=00;36:*.mka=00;36:*.mp3=00;36:*.mpc=00;36:*.ogg=00;36:*.ra=00;36:*.wav=00;36:*.oga=00;36:*.opus=00;36:*.spx=00;36:*.xspf=00;36:'), ('GNOME_TERMINAL_SERVICE', ':1.264'), ('SSH_AGENT_LAUNCHER', 'gnome-keyring'), ('SSH_AUTH_SOCK', '/run/user/1000/keyring/ssh'), ('AMENT_PREFIX_PATH', '/home/curdin/franka_ros2_ws/install/joint_trajectory_controller:/home/curdin/franka_ros2_ws/install/integration_launch_testing:/home/curdin/franka_ros2_ws/install/franka_bringup:/home/curdin/franka_ros2_ws/install/franka_robot_state_broadcaster:/home/curdin/franka_ros2_ws/install/franka_example_controllers:/home/curdin/franka_ros2_ws/install/franka_semantic_components:/home/curdin/franka_ros2_ws/install/franka_moveit_config:/home/curdin/franka_ros2_ws/install/franka_hardware:/home/curdin/franka_ros2_ws/install/franka_gripper:/home/curdin/franka_ros2_ws/install/franka_msgs:/home/curdin/franka_ros2_ws/install/franka_description:/opt/ros/humble'), ('SHELL', '/bin/bash'), ('LC_NAME', 'fr_FR.UTF-8'), ('QT_ACCESSIBILITY', '1'), ('GDMSESSION', 'ubuntu'), ('LESSCLOSE', '/usr/bin/lesspipe %s %s'), ('LC_MEASUREMENT', 'fr_FR.UTF-8'), ('LC_IDENTIFICATION', 'fr_FR.UTF-8'), ('QT_IM_MODULE', 'ibus'), ('PWD', '/home/curdin/franka_ros2_ws/build/franka_example_controllers'), ('LC_ALL', 'en_US.UTF-8'), ('XDG_CONFIG_DIRS', '/etc/xdg/xdg-ubuntu:/etc/xdg'), ('XDG_DATA_DIRS', '/usr/share/ubuntu:/usr/local/share/:/usr/share/:/var/lib/snapd/desktop'), ('PYTHONPATH', '/home/curdin/franka_ros2_ws/install/franka_gripper/local/lib/python3.10/dist-packages:/home/curdin/franka_ros2_ws/install/franka_msgs/local/lib/python3.10/dist-packages:/opt/ros/humble/lib/python3.10/site-packages:/opt/ros/humble/local/lib/python3.10/dist-packages'), ('LC_NUMERIC', 'fr_FR.UTF-8'), ('LC_PAPER', 'fr_FR.UTF-8'), ('COLCON', '1'), ('VTE_VERSION', '6800'), ('CMAKE_PREFIX_PATH', '/home/curdin/franka_ros2_ws/install/franka_semantic_components:/home/curdin/franka_ros2_ws/install/franka_hardware:/home/curdin/franka_ros2_ws/install/franka_msgs:/home/curdin/franka_ros2_ws/install/joint_trajectory_controller:/home/curdin/franka_ros2_ws/install/integration_launch_testing:/home/curdin/franka_ros2_ws/install/franka_bringup:/home/curdin/franka_ros2_ws/install/franka_robot_state_broadcaster:/home/curdin/franka_ros2_ws/install/franka_example_controllers:/home/curdin/franka_ros2_ws/install/franka_moveit_config:/home/curdin/franka_ros2_ws/install/franka_gripper:/home/curdin/franka_ros2_ws/install/franka_description:/opt/ros/humble')]), 'shell': False}
[0.066221] (franka_example_controllers) StdoutLine: {'line': b'[  6%] Built target franka_example_controllers_parameters\n'}
[0.067502] (franka_example_controllers) StdoutLine: {'line': b'[ 18%] Built target gmock_main\n'}
[0.067851] (franka_example_controllers) StdoutLine: {'line': b'[ 37%] Built target gmock\n'}
[0.074560] (franka_example_controllers) StdoutLine: {'line': b'\x1b[35m\x1b[1mConsolidate compiler generated dependencies of target franka_example_controllers\x1b[0m\n'}
[0.083772] (franka_example_controllers) StdoutLine: {'line': b'[ 50%] \x1b[32mBuilding CXX object CMakeFiles/franka_example_controllers_test.dir/test/test_load_gravity_compensation_controller.cpp.o\x1b[0m\n'}
[0.083881] (franka_example_controllers) StdoutLine: {'line': b'[ 50%] \x1b[32mBuilding CXX object CMakeFiles/franka_example_controllers_test_load_move_to_start.dir/test/test_load_move_to_start_example_controller.cpp.o\x1b[0m\n'}
[0.086596] (franka_example_controllers) StderrLine: {'line': b'\x1b[01m\x1b[Kcc1plus:\x1b[m\x1b[K \x1b[01;31m\x1b[Kfatal error: \x1b[m\x1b[K/home/curdin/franka_ros2_ws/src/franka_ros2/franka_example_controllers/test/test_load_gravity_compensation_controller.cpp: No such file or directory\n'}
[0.086723] (franka_example_controllers) StderrLine: {'line': b'compilation terminated.\n'}
[0.086789] (franka_example_controllers) StderrLine: {'line': b'\x1b[01m\x1b[Kcc1plus:\x1b[m\x1b[K \x1b[01;31m\x1b[Kfatal error: \x1b[m\x1b[K/home/curdin/franka_ros2_ws/src/franka_ros2/franka_example_controllers/test/test_load_move_to_start_example_controller.cpp: No such file or directory\n'}
[0.086851] (franka_example_controllers) StderrLine: {'line': b'compilation terminated.\n'}
[0.087019] (franka_example_controllers) StderrLine: {'line': b'gmake[2]: *** [CMakeFiles/franka_example_controllers_test.dir/build.make:76: CMakeFiles/franka_example_controllers_test.dir/test/test_load_gravity_compensation_controller.cpp.o] Error 1\n'}
[0.087180] (franka_example_controllers) StderrLine: {'line': b'gmake[1]: *** [CMakeFiles/Makefile2:237: CMakeFiles/franka_example_controllers_test.dir/all] Error 2\n'}
[0.087268] (franka_example_controllers) StderrLine: {'line': b'gmake[1]: *** Waiting for unfinished jobs....\n'}
[0.087356] (franka_example_controllers) StderrLine: {'line': b'gmake[2]: *** [CMakeFiles/franka_example_controllers_test_load_move_to_start.dir/build.make:76: CMakeFiles/franka_example_controllers_test_load_move_to_start.dir/test/test_load_move_to_start_example_controller.cpp.o] Error 1\n'}
[0.087417] (franka_example_controllers) StderrLine: {'line': b'gmake[1]: *** [CMakeFiles/Makefile2:264: CMakeFiles/franka_example_controllers_test_load_move_to_start.dir/all] Error 2\n'}
[0.088812] (franka_example_controllers) StdoutLine: {'line': b'[ 62%] Built target franka_example_controllers\n'}
[0.089425] (franka_example_controllers) StderrLine: {'line': b'gmake: *** [Makefile:146: all] Error 2\n'}
[0.091258] (franka_example_controllers) CommandEnded: {'returncode': 2}
[0.100036] (-) TimerEvent: {}
[0.155519] (franka_example_controllers) JobEnded: {'identifier': 'franka_example_controllers', 'rc': 2}
[0.165948] (-) EventReactorShutdown: {}
