[0.000000] (-) TimerEvent: {}
[0.000118] (-) JobUnselected: {'identifier': 'franka_bringup'}
[0.000139] (-) JobUnselected: {'identifier': 'franka_description'}
[0.000180] (-) JobUnselected: {'identifier': 'franka_gripper'}
[0.000188] (-) JobUnselected: {'identifier': 'franka_hardware'}
[0.000196] (-) JobUnselected: {'identifier': 'franka_moveit_config'}
[0.000204] (-) JobUnselected: {'identifier': 'franka_msgs'}
[0.000212] (-) JobUnselected: {'identifier': 'franka_robot_state_broadcaster'}
[0.000220] (-) JobUnselected: {'identifier': 'franka_semantic_components'}
[0.000227] (-) JobUnselected: {'identifier': 'integration_launch_testing'}
[0.000234] (-) JobUnselected: {'identifier': 'joint_trajectory_controller'}
[0.000244] (franka_example_controllers) JobQueued: {'identifier': 'franka_example_controllers', 'dependencies': OrderedDict([('franka_msgs', '/home/curdin/franka_ros2_ws/install/franka_msgs'), ('franka_hardware', '/home/curdin/franka_ros2_ws/install/franka_hardware'), ('franka_semantic_components', '/home/curdin/franka_ros2_ws/install/franka_semantic_components')])}
[0.000257] (franka_example_controllers) JobStarted: {'identifier': 'franka_example_controllers'}
[0.034674] (franka_example_controllers) JobProgress: {'identifier': 'franka_example_controllers', 'progress': 'cmake'}
[0.035352] (franka_example_controllers) JobProgress: {'identifier': 'franka_example_controllers', 'progress': 'build'}
[0.035503] (franka_example_controllers) Command: {'cmd': ['/usr/bin/cmake', '--build', '/home/curdin/franka_ros2_ws/build/franka_example_controllers', '--', '-j20', '-l20'], 'cwd': '/home/curdin/franka_ros2_ws/build/franka_example_controllers', 'env': OrderedDict([('LESSOPEN', '| /usr/bin/lesspipe %s'), ('USER', 'curdin'), ('LC_TIME', 'fr_FR.UTF-8'), ('XDG_SESSION_TYPE', 'wayland'), ('SHLVL', '1'), ('LD_LIBRARY_PATH', '/home/curdin/franka_ros2_ws/install/franka_semantic_components/lib:/home/curdin/franka_ros2_ws/install/franka_hardware/lib:/home/curdin/franka_ros2_ws/install/franka_msgs/lib:/home/curdin/franka_ros2_ws/install/joint_trajectory_controller/lib:/home/curdin/franka_ros2_ws/install/integration_launch_testing/lib:/home/curdin/franka_ros2_ws/install/franka_robot_state_broadcaster/lib:/home/curdin/franka_ros2_ws/install/franka_example_controllers/lib:/home/curdin/franka_ros2_ws/install/franka_gripper/lib:/opt/ros/humble/opt/rviz_ogre_vendor/lib:/opt/ros/humble/lib/x86_64-linux-gnu:/opt/ros/humble/lib'), ('HOME', '/home/curdin'), ('OLDPWD', '/home/curdin'), ('DESKTOP_SESSION', 'ubuntu'), ('ROS_PYTHON_VERSION', '3'), ('GNOME_SHELL_SESSION_MODE', 'ubuntu'), ('GTK_MODULES', 'gail:atk-bridge'), ('LC_MONETARY', 'fr_FR.UTF-8'), ('SYSTEMD_EXEC_PID', '2657'), ('DBUS_SESSION_BUS_ADDRESS', 'unix:path=/run/user/1000/bus'), ('COLORTERM', 'truecolor'), ('_colcon_cd_root', '/opt/ros/humble/'), ('IM_CONFIG_PHASE', '1'), ('WAYLAND_DISPLAY', 'wayland-0'), ('COLCON_PREFIX_PATH', '/home/curdin/franka_ros2_ws/install'), ('ROS_DISTRO', 'humble'), ('LOGNAME', 'curdin'), ('_', '/usr/bin/colcon'), ('ROS_VERSION', '2'), ('XDG_SESSION_CLASS', 'user'), ('USERNAME', 'curdin'), ('TERM', 'xterm-256color'), ('GNOME_DESKTOP_SESSION_ID', 'this-is-deprecated'), ('ROS_LOCALHOST_ONLY', '0'), ('PATH', '/opt/ros/humble/bin:/usr/local/sbin:/usr/local/bin:/usr/sbin:/usr/bin:/sbin:/bin:/usr/games:/usr/local/games:/snap/bin:/snap/bin'), ('SESSION_MANAGER', 'local/curdin-Legion-5-15IAH7H:@/tmp/.ICE-unix/2638,unix/curdin-Legion-5-15IAH7H:/tmp/.ICE-unix/2638'), ('XDG_MENU_PREFIX', 'gnome-'), ('LC_ADDRESS', 'fr_FR.UTF-8'), ('GNOME_TERMINAL_SCREEN', '/org/gnome/Terminal/screen/41b99dec_6b86_4281_aa6d_e00c9e267a45'), ('GNOME_SETUP_DISPLAY', ':1'), ('XDG_RUNTIME_DIR', '/run/user/1000'), ('DISPLAY', ':0'), ('LANG', 'en_US.UTF-8'), ('XDG_CURRENT_DESKTOP', 'ubuntu:GNOME'), ('LC_TELEPHONE', 'fr_FR.UTF-8'), ('XMODIFIERS', '@im=ibus'), ('XDG_SESSION_DESKTOP', 'ubuntu'), ('XAUTHORITY', '/run/user/1000/.mutter-Xwaylandauth.CRFBJ2'), ('LS_COLORS', 'rs=0:di=01;34:ln=01;36:mh=00:pi=40;33:so=01;35:do=01;35:bd=40;33;01:cd=40;33;01:or=40;31;01:mi=00:su=37;41:sg=30;43:ca=30;41:tw=30;42:ow=34;42:st=37;44:ex=01;32:*.tar=01;31:*.tgz=01;31:*.arc=01;31:*.arj=01;31:*.taz=01;31:*.lha=01;31:*.lz4=01;31:*.lzh=01;31:*.lzma=01;31:*.tlz=01;31:*.txz=01;31:*.tzo=01;31:*.t7z=01;31:*.zip=01;31:*.z=01;31:*.dz=01;31:*.gz=01;31:*.lrz=01;31:*.lz=01;31:*.lzo=01;31:*.xz=01;31:*.zst=01;31:*.tzst=01;31:*.bz2=01;31:*.bz=01;31:*.tbz=01;31:*.tbz2=01;31:*.tz=01;31:*.deb=01;31:*.rpm=01;31:*.jar=01;31:*.war=01;31:*.ear=01;31:*.sar=01;31:*.rar=01;31:*.alz=01;31:*.ace=01;31:*.zoo=01;31:*.cpio=01;31:*.7z=01;31:*.rz=01;31:*.cab=01;31:*.wim=01;31:*.swm=01;31:*.dwm=01;31:*.esd=01;31:*.jpg=01;35:*.jpeg=01;35:*.mjpg=01;35:*.mjpeg=01;35:*.gif=01;35:*.bmp=01;35:*.pbm=01;35:*.pgm=01;35:*.ppm=01;35:*.tga=01;35:*.xbm=01;35:*.xpm=01;35:*.tif=01;35:*.tiff=01;35:*.png=01;35:*.svg=01;35:*.svgz=01;35:*.mng=01;35:*.pcx=01;35:*.mov=01;35:*.mpg=01;35:*.mpeg=01;35:*.m2v=01;35:*.mkv=01;35:*.webm=01;35:*.webp=01;35:*.ogm=01;35:*.mp4=01;35:*.m4v=01;35:*.mp4v=01;35:*.vob=01;35:*.qt=01;35:*.nuv=01;35:*.wmv=01;35:*.asf=01;35:*.rm=01;35:*.rmvb=01;35:*.flc=01;35:*.avi=01;35:*.fli=01;35:*.flv=01;35:*.gl=01;35:*.dl=01;35:*.xcf=01;35:*.xwd=01;35:*.yuv=01;35:*.cgm=01;35:*.emf=01;35:*.ogv=01;35:*.ogx=01;35:*.aac=00;36:*.au=00;36:*.flac=00;36:*.m4a=00;36:*.mid=00;36:*.midi=00;36:*.mka=00;36:*.mp3=00;36:*.mpc=00;36:*.ogg=00;36:*.ra=00;36:*.wav=00;36:*.oga=00;36:*.opus=00;36:*.spx=00;36:*.xspf=00;36:'), ('GNOME_TERMINAL_SERVICE', ':1.264'), ('SSH_AGENT_LAUNCHER', 'gnome-keyring'), ('SSH_AUTH_SOCK', '/run/user/1000/keyring/ssh'), ('AMENT_PREFIX_PATH', '/home/curdin/franka_ros2_ws/install/joint_trajectory_controller:/home/curdin/franka_ros2_ws/install/integration_launch_testing:/home/curdin/franka_ros2_ws/install/franka_bringup:/home/curdin/franka_ros2_ws/install/franka_robot_state_broadcaster:/home/curdin/franka_ros2_ws/install/franka_example_controllers:/home/curdin/franka_ros2_ws/install/franka_semantic_components:/home/curdin/franka_ros2_ws/install/franka_moveit_config:/home/curdin/franka_ros2_ws/install/franka_hardware:/home/curdin/franka_ros2_ws/install/franka_gripper:/home/curdin/franka_ros2_ws/install/franka_msgs:/home/curdin/franka_ros2_ws/install/franka_description:/opt/ros/humble'), ('SHELL', '/bin/bash'), ('LC_NAME', 'fr_FR.UTF-8'), ('QT_ACCESSIBILITY', '1'), ('GDMSESSION', 'ubuntu'), ('LESSCLOSE', '/usr/bin/lesspipe %s %s'), ('LC_MEASUREMENT', 'fr_FR.UTF-8'), ('LC_IDENTIFICATION', 'fr_FR.UTF-8'), ('QT_IM_MODULE', 'ibus'), ('PWD', '/home/curdin/franka_ros2_ws/build/franka_example_controllers'), ('LC_ALL', 'en_US.UTF-8'), ('XDG_CONFIG_DIRS', '/etc/xdg/xdg-ubuntu:/etc/xdg'), ('XDG_DATA_DIRS', '/usr/share/ubuntu:/usr/local/share/:/usr/share/:/var/lib/snapd/desktop'), ('PYTHONPATH', '/home/curdin/franka_ros2_ws/install/franka_gripper/local/lib/python3.10/dist-packages:/home/curdin/franka_ros2_ws/install/franka_msgs/local/lib/python3.10/dist-packages:/opt/ros/humble/lib/python3.10/site-packages:/opt/ros/humble/local/lib/python3.10/dist-packages'), ('LC_NUMERIC', 'fr_FR.UTF-8'), ('LC_PAPER', 'fr_FR.UTF-8'), ('COLCON', '1'), ('VTE_VERSION', '6800'), ('CMAKE_PREFIX_PATH', '/home/curdin/franka_ros2_ws/install/franka_semantic_components:/home/curdin/franka_ros2_ws/install/franka_hardware:/home/curdin/franka_ros2_ws/install/franka_msgs:/home/curdin/franka_ros2_ws/install/joint_trajectory_controller:/home/curdin/franka_ros2_ws/install/integration_launch_testing:/home/curdin/franka_ros2_ws/install/franka_bringup:/home/curdin/franka_ros2_ws/install/franka_robot_state_broadcaster:/home/curdin/franka_ros2_ws/install/franka_example_controllers:/home/curdin/franka_ros2_ws/install/franka_moveit_config:/home/curdin/franka_ros2_ws/install/franka_gripper:/home/curdin/franka_ros2_ws/install/franka_description:/opt/ros/humble')]), 'shell': False}
[0.051241] (franka_example_controllers) StdoutLine: {'line': b'-- Found ament_cmake: 1.3.7 (/opt/ros/humble/share/ament_cmake/cmake)\n'}
[0.099601] (-) TimerEvent: {}
[0.129555] (franka_example_controllers) StdoutLine: {'line': b'-- Found rclcpp: 16.0.6 (/opt/ros/humble/share/rclcpp/cmake)\n'}
[0.145458] (franka_example_controllers) StdoutLine: {'line': b'-- Found rosidl_generator_c: 3.1.5 (/opt/ros/humble/share/rosidl_generator_c/cmake)\n'}
[0.146828] (franka_example_controllers) StdoutLine: {'line': b'-- Found rosidl_adapter: 3.1.5 (/opt/ros/humble/share/rosidl_adapter/cmake)\n'}
[0.150014] (franka_example_controllers) StdoutLine: {'line': b'-- Found rosidl_generator_cpp: 3.1.5 (/opt/ros/humble/share/rosidl_generator_cpp/cmake)\n'}
[0.155986] (franka_example_controllers) StdoutLine: {'line': b'-- Using all available rosidl_typesupport_c: rosidl_typesupport_fastrtps_c;rosidl_typesupport_introspection_c\n'}
[0.164236] (franka_example_controllers) StdoutLine: {'line': b'-- Using all available rosidl_typesupport_cpp: rosidl_typesupport_fastrtps_cpp;rosidl_typesupport_introspection_cpp\n'}
[0.194985] (franka_example_controllers) StdoutLine: {'line': b'-- Found rmw_implementation_cmake: 6.1.1 (/opt/ros/humble/share/rmw_implementation_cmake/cmake)\n'}
[0.195891] (franka_example_controllers) StdoutLine: {'line': b'-- Found rmw_fastrtps_cpp: 6.2.4 (/opt/ros/humble/share/rmw_fastrtps_cpp/cmake)\n'}
[0.199668] (-) TimerEvent: {}
[0.260748] (franka_example_controllers) StdoutLine: {'line': b"-- Using RMW implementation 'rmw_fastrtps_cpp' as default\n"}
[0.299774] (-) TimerEvent: {}
[0.345988] (franka_example_controllers) StdoutLine: {'line': b'-- Found controller_interface: 2.32.0 (/opt/ros/humble/share/controller_interface/cmake)\n'}
[0.399948] (-) TimerEvent: {}
[0.500249] (-) TimerEvent: {}
[0.600583] (-) TimerEvent: {}
[0.700925] (-) TimerEvent: {}
[0.701940] (franka_example_controllers) StdoutLine: {'line': b'-- Found franka_msgs: 0.1.8 (/home/curdin/franka_ros2_ws/install/franka_msgs/share/franka_msgs/cmake)\n'}
[0.747137] (franka_example_controllers) StdoutLine: {'line': b'-- Found franka_semantic_components: 0.1.0 (/home/curdin/franka_ros2_ws/install/franka_semantic_components/share/franka_semantic_components/cmake)\n'}
[0.801086] (-) TimerEvent: {}
[0.901277] (-) TimerEvent: {}
[0.963115] (franka_example_controllers) StdoutLine: {'line': b'-- Found generate_parameter_library: 0.3.7 (/opt/ros/humble/share/generate_parameter_library/cmake)\n'}
[0.963404] (franka_example_controllers) StdoutLine: {'line': b'-- Found parameter_traits: 0.3.6 (/opt/ros/humble/share/parameter_traits/cmake)\n'}
[1.001435] (-) TimerEvent: {}
[1.101662] (-) TimerEvent: {}
[1.201988] (-) TimerEvent: {}
[1.302314] (-) TimerEvent: {}
[1.347642] (franka_example_controllers) StdoutLine: {'line': b'-- Found ament_cmake_clang_format: 0.12.10 (/opt/ros/humble/share/ament_cmake_clang_format/cmake)\n'}
[1.347890] (franka_example_controllers) StdoutLine: {'line': b'-- Found ament_cmake_copyright: 0.12.8 (/opt/ros/humble/share/ament_cmake_copyright/cmake)\n'}
[1.348063] (franka_example_controllers) StdoutLine: {'line': b'-- Found ament_cmake_cppcheck: 0.12.8 (/opt/ros/humble/share/ament_cmake_cppcheck/cmake)\n'}
[1.348282] (franka_example_controllers) StdoutLine: {'line': b'-- Found ament_cmake_flake8: 0.12.8 (/opt/ros/humble/share/ament_cmake_flake8/cmake)\n'}
[1.348496] (franka_example_controllers) StdoutLine: {'line': b'-- Found ament_cmake_lint_cmake: 0.12.8 (/opt/ros/humble/share/ament_cmake_lint_cmake/cmake)\n'}
[1.348624] (franka_example_controllers) StdoutLine: {'line': b'-- Found ament_cmake_pep257: 0.12.8 (/opt/ros/humble/share/ament_cmake_pep257/cmake)\n'}
[1.348859] (franka_example_controllers) StdoutLine: {'line': b'-- Found ament_cmake_xmllint: 0.12.8 (/opt/ros/humble/share/ament_cmake_xmllint/cmake)\n'}
[1.349082] (franka_example_controllers) StdoutLine: {'line': b'-- Found ament_cmake_gmock: 1.3.5 (/opt/ros/humble/share/ament_cmake_gmock/cmake)\n'}
[1.349480] (franka_example_controllers) StdoutLine: {'line': b'-- Found controller_manager: 2.37.0 (/opt/ros/humble/share/controller_manager/cmake)\n'}
[1.402473] (-) TimerEvent: {}
[1.502739] (-) TimerEvent: {}
[1.508316] (franka_example_controllers) StdoutLine: {'line': b'-- Found ros2_control_test_assets: 2.37.0 (/opt/ros/humble/share/ros2_control_test_assets/cmake)\n'}
[1.509473] (franka_example_controllers) StdoutLine: {'line': b"-- Found gmock sources under '/opt/ros/humble/src/gmock_vendor': C++ tests using 'Google Mock' will be built\n"}
[1.510577] (franka_example_controllers) StdoutLine: {'line': b'-- Found ament_cmake_gtest: 1.3.5 (/opt/ros/humble/share/ament_cmake_gtest/cmake)\n'}
[1.510832] (franka_example_controllers) StdoutLine: {'line': b"-- Found gtest sources under '/opt/ros/humble/src/gtest_vendor': C++ tests using 'Google Test' will be built\n"}
[1.602930] (-) TimerEvent: {}
[1.703246] (-) TimerEvent: {}
[1.803552] (-) TimerEvent: {}
[1.816105] (franka_example_controllers) StdoutLine: {'line': b'-- Configuring done\n'}
[1.867098] (franka_example_controllers) StdoutLine: {'line': b'-- Generating done\n'}
[1.868564] (franka_example_controllers) StdoutLine: {'line': b'-- Build files have been written to: /home/curdin/franka_ros2_ws/build/franka_example_controllers\n'}
[1.886024] (franka_example_controllers) StdoutLine: {'line': b'\x1b[35m\x1b[1mConsolidate compiler generated dependencies of target gmock_main\x1b[0m\n'}
[1.886574] (franka_example_controllers) StdoutLine: {'line': b'\x1b[35m\x1b[1mConsolidate compiler generated dependencies of target gmock\x1b[0m\n'}
[1.887167] (franka_example_controllers) StderrLine: {'line': b"gmake[2]: *** No rule to make target '/home/curdin/franka_ros2_ws/src/franka_ros2/franka_example_controllers/src/model_example_controller_parameters.yaml', needed by 'franka_example_controllers_parameters/include/franka_example_controllers_parameters.hpp'.  Stop.\n"}
[1.887360] (franka_example_controllers) StderrLine: {'line': b'gmake[1]: *** [CMakeFiles/Makefile2:210: CMakeFiles/franka_example_controllers_parameters.dir/all] Error 2\n'}
[1.887409] (franka_example_controllers) StderrLine: {'line': b'gmake[1]: *** Waiting for unfinished jobs....\n'}
[1.894280] (franka_example_controllers) StdoutLine: {'line': b'[ 12%] Built target gmock_main\n'}
[1.895371] (franka_example_controllers) StdoutLine: {'line': b'[ 31%] Built target gmock\n'}
[1.896123] (franka_example_controllers) StderrLine: {'line': b'gmake: *** [Makefile:146: all] Error 2\n'}
[1.897415] (franka_example_controllers) CommandEnded: {'returncode': 2}
[1.903742] (-) TimerEvent: {}
[1.965443] (franka_example_controllers) JobEnded: {'identifier': 'franka_example_controllers', 'rc': 2}
[1.976040] (-) EventReactorShutdown: {}
