[  6%] [34m[1mRunning `/opt/ros/humble/bin/generate_parameter_library_cpp /home/curdin/franka_ros2_ws/build/franka_example_controllers/franka_example_controllers_parameters/include//franka_example_controllers_parameters.hpp /home/curdin/franka_ros2_ws/src/franka_ros2/franka_example_controllers/src/model_example_controller_parameters.yaml `[0m
[ 18%] Built target gmock_main
[ 37%] Built target gmock
[35m[1mConsolidate compiler generated dependencies of target franka_example_controllers_test[0m
[35m[1mConsolidate compiler generated dependencies of target franka_example_controllers_test_load_move_to_start[0m
[ 62%] Built target franka_example_controllers_test
[ 62%] Built target franka_example_controllers_test_load_move_to_start
[ 62%] Built target franka_example_controllers_parameters
[35m[1mConsolidate compiler generated dependencies of target franka_example_controllers[0m
[ 68%] [32mBuilding CXX object CMakeFiles/franka_example_controllers.dir/src/cartesian_impedance_controller.cpp.o[0m
[ 75%] [32m[1mLinking CXX shared library libfranka_example_controllers.so[0m
[ 75%] Built target franka_example_controllers
[35m[1mConsolidate compiler generated dependencies of target franka_example_controllers_gravity_test[0m
[35m[1mConsolidate compiler generated dependencies of target franka_example_controllers_move_to_start_test[0m
[ 81%] [32mBuilding CXX object CMakeFiles/franka_example_controllers_gravity_test.dir/test/test_gravity_compensation_example.cpp.o[0m
[ 87%] [32mBuilding CXX object CMakeFiles/franka_example_controllers_move_to_start_test.dir/test/test_move_to_start_example_controller.cpp.o[0m
[01m[K/home/curdin/franka_ros2_ws/src/franka_ros2/franka_example_controllers/test/test_gravity_compensation_example.cpp:19:10:[m[K [01;31m[Kfatal error: [m[Kfranka_example_controllers/gravity_compensation_example_controller.hpp: No such file or directory
   19 | #include [01;31m[K"franka_example_controllers/gravity_compensation_example_controller.hpp"[m[K
      |          [01;31m[K^~~~~~~~~~~~~~~~~~~~~~~~~~~~~~~~~~~~~~~~~~~~~~~~~~~~~~~~~~~~~~~~~~~~~~~~[m[K
compilation terminated.
gmake[2]: *** [CMakeFiles/franka_example_controllers_gravity_test.dir/build.make:76: CMakeFiles/franka_example_controllers_gravity_test.dir/test/test_gravity_compensation_example.cpp.o] Error 1
gmake[1]: *** [CMakeFiles/Makefile2:293: CMakeFiles/franka_example_controllers_gravity_test.dir/all] Error 2
gmake[1]: *** Waiting for unfinished jobs....
In file included from [01m[K/home/curdin/franka_ros2_ws/src/franka_ros2/franka_example_controllers/test/test_move_to_start_example_controller.cpp:19[m[K:
[01m[K/home/curdin/franka_ros2_ws/src/franka_ros2/franka_example_controllers/test/test_move_to_start_example_controller.hpp:23:10:[m[K [01;31m[Kfatal error: [m[Kfranka_example_controllers/move_to_start_example_controller.hpp: No such file or directory
   23 | #include [01;31m[K"franka_example_controllers/move_to_start_example_controller.hpp"[m[K
      |          [01;31m[K^~~~~~~~~~~~~~~~~~~~~~~~~~~~~~~~~~~~~~~~~~~~~~~~~~~~~~~~~~~~~~~~~[m[K
compilation terminated.
gmake[2]: *** [CMakeFiles/franka_example_controllers_move_to_start_test.dir/build.make:76: CMakeFiles/franka_example_controllers_move_to_start_test.dir/test/test_move_to_start_example_controller.cpp.o] Error 1
gmake[1]: *** [CMakeFiles/Makefile2:322: CMakeFiles/franka_example_controllers_move_to_start_test.dir/all] Error 2
gmake: *** [Makefile:146: all] Error 2
