[0.039s] Invoking command in '/home/curdin/franka_ros2_ws/build/franka_example_controllers': CMAKE_PREFIX_PATH=/home/curdin/franka_ros2_ws/install/franka_semantic_components:/home/curdin/franka_ros2_ws/install/franka_hardware:/home/curdin/franka_ros2_ws/install/franka_msgs:/home/curdin/franka_ros2_ws/install/joint_trajectory_controller:/home/curdin/franka_ros2_ws/install/integration_launch_testing:/home/curdin/franka_ros2_ws/install/franka_bringup:/home/curdin/franka_ros2_ws/install/franka_robot_state_broadcaster:/home/curdin/franka_ros2_ws/install/franka_example_controllers:/home/curdin/franka_ros2_ws/install/franka_moveit_config:/home/curdin/franka_ros2_ws/install/franka_gripper:/home/curdin/franka_ros2_ws/install/franka_description:/opt/ros/humble LD_LIBRARY_PATH=/home/curdin/franka_ros2_ws/install/franka_semantic_components/lib:/home/curdin/franka_ros2_ws/install/franka_hardware/lib:/home/curdin/franka_ros2_ws/install/franka_msgs/lib:/home/curdin/franka_ros2_ws/install/joint_trajectory_controller/lib:/home/curdin/franka_ros2_ws/install/integration_launch_testing/lib:/home/curdin/franka_ros2_ws/install/franka_robot_state_broadcaster/lib:/home/curdin/franka_ros2_ws/install/franka_example_controllers/lib:/home/curdin/franka_ros2_ws/install/franka_gripper/lib:/opt/ros/humble/opt/rviz_ogre_vendor/lib:/opt/ros/humble/lib/x86_64-linux-gnu:/opt/ros/humble/lib /usr/bin/cmake --build /home/curdin/franka_ros2_ws/build/franka_example_controllers -- -j20 -l20
[0.067s] [  6%] [34m[1mRunning `/opt/ros/humble/bin/generate_parameter_library_cpp /home/curdin/franka_ros2_ws/build/franka_example_controllers/franka_example_controllers_parameters/include//franka_example_controllers_parameters.hpp /home/curdin/franka_ros2_ws/src/franka_ros2/franka_example_controllers/src/model_example_controller_parameters.yaml `[0m
[0.068s] [ 18%] Built target gmock_main
[0.069s] [ 37%] Built target gmock
[0.075s] [35m[1mConsolidate compiler generated dependencies of target franka_example_controllers_test[0m
[0.075s] [35m[1mConsolidate compiler generated dependencies of target franka_example_controllers_test_load_move_to_start[0m
[0.087s] [ 62%] Built target franka_example_controllers_test
[0.087s] [ 62%] Built target franka_example_controllers_test_load_move_to_start
[0.150s] [ 62%] Built target franka_example_controllers_parameters
[0.157s] [35m[1mConsolidate compiler generated dependencies of target franka_example_controllers[0m
[0.169s] [ 68%] [32mBuilding CXX object CMakeFiles/franka_example_controllers.dir/src/cartesian_impedance_controller.cpp.o[0m
[15.728s] [ 75%] [32m[1mLinking CXX shared library libfranka_example_controllers.so[0m
[15.864s] [ 75%] Built target franka_example_controllers
[15.871s] [35m[1mConsolidate compiler generated dependencies of target franka_example_controllers_gravity_test[0m
[15.871s] [35m[1mConsolidate compiler generated dependencies of target franka_example_controllers_move_to_start_test[0m
[15.881s] [ 81%] [32mBuilding CXX object CMakeFiles/franka_example_controllers_gravity_test.dir/test/test_gravity_compensation_example.cpp.o[0m
[15.883s] [ 87%] [32mBuilding CXX object CMakeFiles/franka_example_controllers_move_to_start_test.dir/test/test_move_to_start_example_controller.cpp.o[0m
[15.967s] [01m[K/home/curdin/franka_ros2_ws/src/franka_ros2/franka_example_controllers/test/test_gravity_compensation_example.cpp:19:10:[m[K [01;31m[Kfatal error: [m[Kfranka_example_controllers/gravity_compensation_example_controller.hpp: No such file or directory
[15.967s]    19 | #include [01;31m[K"franka_example_controllers/gravity_compensation_example_controller.hpp"[m[K
[15.967s]       |          [01;31m[K^~~~~~~~~~~~~~~~~~~~~~~~~~~~~~~~~~~~~~~~~~~~~~~~~~~~~~~~~~~~~~~~~~~~~~~~[m[K
[15.967s] compilation terminated.
[15.969s] gmake[2]: *** [CMakeFiles/franka_example_controllers_gravity_test.dir/build.make:76: CMakeFiles/franka_example_controllers_gravity_test.dir/test/test_gravity_compensation_example.cpp.o] Error 1
[15.969s] gmake[1]: *** [CMakeFiles/Makefile2:293: CMakeFiles/franka_example_controllers_gravity_test.dir/all] Error 2
[15.969s] gmake[1]: *** Waiting for unfinished jobs....
[16.027s] In file included from [01m[K/home/curdin/franka_ros2_ws/src/franka_ros2/franka_example_controllers/test/test_move_to_start_example_controller.cpp:19[m[K:
[16.027s] [01m[K/home/curdin/franka_ros2_ws/src/franka_ros2/franka_example_controllers/test/test_move_to_start_example_controller.hpp:23:10:[m[K [01;31m[Kfatal error: [m[Kfranka_example_controllers/move_to_start_example_controller.hpp: No such file or directory
[16.027s]    23 | #include [01;31m[K"franka_example_controllers/move_to_start_example_controller.hpp"[m[K
[16.027s]       |          [01;31m[K^~~~~~~~~~~~~~~~~~~~~~~~~~~~~~~~~~~~~~~~~~~~~~~~~~~~~~~~~~~~~~~~~[m[K
[16.027s] compilation terminated.
[16.029s] gmake[2]: *** [CMakeFiles/franka_example_controllers_move_to_start_test.dir/build.make:76: CMakeFiles/franka_example_controllers_move_to_start_test.dir/test/test_move_to_start_example_controller.cpp.o] Error 1
[16.029s] gmake[1]: *** [CMakeFiles/Makefile2:322: CMakeFiles/franka_example_controllers_move_to_start_test.dir/all] Error 2
[16.029s] gmake: *** [Makefile:146: all] Error 2
[16.031s] Invoked command in '/home/curdin/franka_ros2_ws/build/franka_example_controllers' returned '2': CMAKE_PREFIX_PATH=/home/curdin/franka_ros2_ws/install/franka_semantic_components:/home/curdin/franka_ros2_ws/install/franka_hardware:/home/curdin/franka_ros2_ws/install/franka_msgs:/home/curdin/franka_ros2_ws/install/joint_trajectory_controller:/home/curdin/franka_ros2_ws/install/integration_launch_testing:/home/curdin/franka_ros2_ws/install/franka_bringup:/home/curdin/franka_ros2_ws/install/franka_robot_state_broadcaster:/home/curdin/franka_ros2_ws/install/franka_example_controllers:/home/curdin/franka_ros2_ws/install/franka_moveit_config:/home/curdin/franka_ros2_ws/install/franka_gripper:/home/curdin/franka_ros2_ws/install/franka_description:/opt/ros/humble LD_LIBRARY_PATH=/home/curdin/franka_ros2_ws/install/franka_semantic_components/lib:/home/curdin/franka_ros2_ws/install/franka_hardware/lib:/home/curdin/franka_ros2_ws/install/franka_msgs/lib:/home/curdin/franka_ros2_ws/install/joint_trajectory_controller/lib:/home/curdin/franka_ros2_ws/install/integration_launch_testing/lib:/home/curdin/franka_ros2_ws/install/franka_robot_state_broadcaster/lib:/home/curdin/franka_ros2_ws/install/franka_example_controllers/lib:/home/curdin/franka_ros2_ws/install/franka_gripper/lib:/opt/ros/humble/opt/rviz_ogre_vendor/lib:/opt/ros/humble/lib/x86_64-linux-gnu:/opt/ros/humble/lib /usr/bin/cmake --build /home/curdin/franka_ros2_ws/build/franka_example_controllers -- -j20 -l20
