[0.095s] Invoking command in '/home/curdin/franka_ros2_ws/build/cartesian_impedance_control': CMAKE_PREFIX_PATH=/home/curdin/franka_ros2_ws/install/franka_semantic_components:/home/curdin/franka_ros2_ws/install/franka_hardware:/home/curdin/franka_ros2_ws/install/franka_msgs:/home/curdin/franka_ros2_ws/install/joint_trajectory_controller:/home/curdin/franka_ros2_ws/install/integration_launch_testing:/home/curdin/franka_ros2_ws/install/franka_bringup:/home/curdin/franka_ros2_ws/install/franka_robot_state_broadcaster:/home/curdin/franka_ros2_ws/install/franka_example_controllers:/home/curdin/franka_ros2_ws/install/franka_moveit_config:/home/curdin/franka_ros2_ws/install/franka_gripper:/home/curdin/franka_ros2_ws/install/franka_description:/opt/ros/humble LD_LIBRARY_PATH=/home/curdin/franka_ros2_ws/install/franka_semantic_components/lib:/home/curdin/franka_ros2_ws/install/franka_hardware/lib:/home/curdin/franka_ros2_ws/install/franka_msgs/lib:/home/curdin/franka_ros2_ws/install/joint_trajectory_controller/lib:/home/curdin/franka_ros2_ws/install/integration_launch_testing/lib:/home/curdin/franka_ros2_ws/install/franka_robot_state_broadcaster/lib:/home/curdin/franka_ros2_ws/install/franka_example_controllers/lib:/home/curdin/franka_ros2_ws/install/franka_gripper/lib:/opt/ros/humble/opt/rviz_ogre_vendor/lib:/opt/ros/humble/lib/x86_64-linux-gnu:/opt/ros/humble/lib /usr/bin/cmake --build /home/curdin/franka_ros2_ws/build/cartesian_impedance_control -- -j20 -l20
[0.125s] [ 13%] Built target gmock_main
[0.130s] [ 26%] Built target cartesian_impedance_control
[0.131s] [ 46%] Built target gmock
[0.148s] [ 53%] [32mBuilding CXX object CMakeFiles/cartesian_impedance_control_gravity_test.dir/test/test_gravity_compensation_example.cpp.o[0m
[0.154s] [ 66%] Built target cartesian_impedance_control_test
[0.154s] [ 73%] [32mBuilding CXX object CMakeFiles/cartesian_impedance_control_move_to_start_test.dir/test/test_move_to_start_example_controller.cpp.o[0m
[0.155s] [ 86%] Built target cartesian_impedance_control_test_load_move_to_start
[0.334s] In file included from [01m[K/home/curdin/franka_ros2_ws/src/cartesian_impedance_control/test/test_gravity_compensation_example.cpp:19[m[K:
[0.334s] [01m[K/home/curdin/franka_ros2_ws/src/cartesian_impedance_control/test/gravity_compensation_example_controller.hpp:20:10:[m[K [01;31m[Kfatal error: [m[Kfranka_example_controllers/visibility_control.h: No such file or directory
[0.334s]    20 | #include [01;31m[K"franka_example_controllers/visibility_control.h"[m[K
[0.335s]       |          [01;31m[K^~~~~~~~~~~~~~~~~~~~~~~~~~~~~~~~~~~~~~~~~~~~~~~~~[m[K
[0.335s] compilation terminated.
[0.336s] gmake[2]: *** [CMakeFiles/cartesian_impedance_control_gravity_test.dir/build.make:76: CMakeFiles/cartesian_impedance_control_gravity_test.dir/test/test_gravity_compensation_example.cpp.o] Error 1
[0.337s] gmake[1]: *** [CMakeFiles/Makefile2:264: CMakeFiles/cartesian_impedance_control_gravity_test.dir/all] Error 2
[0.337s] gmake[1]: *** Waiting for unfinished jobs....
[3.224s] [ 93%] [32m[1mLinking CXX executable cartesian_impedance_control_move_to_start_test[0m
[3.318s] /usr/bin/ld: CMakeFiles/cartesian_impedance_control_move_to_start_test.dir/test/test_move_to_start_example_controller.cpp.o: warning: relocation against `_ZTVN26franka_example_controllers28MoveToStartExampleControllerE' in read-only section `.text'
[3.323s] /usr/bin/ld: CMakeFiles/cartesian_impedance_control_move_to_start_test.dir/test/test_move_to_start_example_controller.cpp.o: in function `MoveToStartExampleControllerTest::SetUp()':
[3.323s] test_move_to_start_example_controller.cpp:(.text+0x12f): undefined reference to `vtable for franka_example_controllers::MoveToStartExampleController'
[3.328s] /usr/bin/ld: warning: creating DT_TEXTREL in a PIE
[3.330s] collect2: error: ld returned 1 exit status
[3.331s] gmake[2]: *** [CMakeFiles/cartesian_impedance_control_move_to_start_test.dir/build.make:315: cartesian_impedance_control_move_to_start_test] Error 1
[3.331s] gmake[1]: *** [CMakeFiles/Makefile2:292: CMakeFiles/cartesian_impedance_control_move_to_start_test.dir/all] Error 2
[3.331s] gmake: *** [Makefile:146: all] Error 2
[3.333s] Invoked command in '/home/curdin/franka_ros2_ws/build/cartesian_impedance_control' returned '2': CMAKE_PREFIX_PATH=/home/curdin/franka_ros2_ws/install/franka_semantic_components:/home/curdin/franka_ros2_ws/install/franka_hardware:/home/curdin/franka_ros2_ws/install/franka_msgs:/home/curdin/franka_ros2_ws/install/joint_trajectory_controller:/home/curdin/franka_ros2_ws/install/integration_launch_testing:/home/curdin/franka_ros2_ws/install/franka_bringup:/home/curdin/franka_ros2_ws/install/franka_robot_state_broadcaster:/home/curdin/franka_ros2_ws/install/franka_example_controllers:/home/curdin/franka_ros2_ws/install/franka_moveit_config:/home/curdin/franka_ros2_ws/install/franka_gripper:/home/curdin/franka_ros2_ws/install/franka_description:/opt/ros/humble LD_LIBRARY_PATH=/home/curdin/franka_ros2_ws/install/franka_semantic_components/lib:/home/curdin/franka_ros2_ws/install/franka_hardware/lib:/home/curdin/franka_ros2_ws/install/franka_msgs/lib:/home/curdin/franka_ros2_ws/install/joint_trajectory_controller/lib:/home/curdin/franka_ros2_ws/install/integration_launch_testing/lib:/home/curdin/franka_ros2_ws/install/franka_robot_state_broadcaster/lib:/home/curdin/franka_ros2_ws/install/franka_example_controllers/lib:/home/curdin/franka_ros2_ws/install/franka_gripper/lib:/opt/ros/humble/opt/rviz_ogre_vendor/lib:/opt/ros/humble/lib/x86_64-linux-gnu:/opt/ros/humble/lib /usr/bin/cmake --build /home/curdin/franka_ros2_ws/build/cartesian_impedance_control -- -j20 -l20
