gmake[2]: CMakeFiles/franka_example_controllers_test_load_move_to_start.dir/build.make: No such file or directory
gmake[2]: *** No rule to make target 'CMakeFiles/franka_example_controllers_test_load_move_to_start.dir/build.make'.  Stop.
gmake[1]: *** [CMakeFiles/Makefile2:263: CMakeFiles/franka_example_controllers_test_load_move_to_start.dir/all] Error 2
gmake[1]: *** Waiting for unfinished jobs....
[01m[Kcc1plus:[m[K [01;31m[Kfatal error: [m[K/home/curdin/franka_ros2_ws/src/franka_ros2/franka_example_controllers/test/test_load_gravity_compensation_controller.cpp: No such file or directory
compilation terminated.
gmake[2]: *** [CMakeFiles/franka_example_controllers_test.dir/build.make:76: CMakeFiles/franka_example_controllers_test.dir/test/test_load_gravity_compensation_controller.cpp.o] Error 1
gmake[1]: *** [CMakeFiles/Makefile2:237: CMakeFiles/franka_example_controllers_test.dir/all] Error 2
gmake: *** [Makefile:146: all] Error 2
