[0.070s] Invoking command in '/home/curdin/franka_ros2_ws/build/franka_hardware': CMAKE_PREFIX_PATH=/home/curdin/franka_ros2_ws/install/franka_msgs:/home/curdin/franka_ros2_ws/install/joint_trajectory_controller:/home/curdin/franka_ros2_ws/install/integration_launch_testing:/home/curdin/franka_ros2_ws/install/franka_bringup:/home/curdin/franka_ros2_ws/install/franka_robot_state_broadcaster:/home/curdin/franka_ros2_ws/install/franka_example_controllers:/home/curdin/franka_ros2_ws/install/franka_semantic_components:/home/curdin/franka_ros2_ws/install/franka_moveit_config:/home/curdin/franka_ros2_ws/install/franka_hardware:/home/curdin/franka_ros2_ws/install/franka_gripper:/home/curdin/franka_ros2_ws/install/franka_description:/opt/ros/humble LD_LIBRARY_PATH=/home/curdin/franka_ros2_ws/install/franka_msgs/lib:/home/curdin/franka_ros2_ws/install/joint_trajectory_controller/lib:/home/curdin/franka_ros2_ws/install/integration_launch_testing/lib:/home/curdin/franka_ros2_ws/install/franka_robot_state_broadcaster/lib:/home/curdin/franka_ros2_ws/install/franka_example_controllers/lib:/home/curdin/franka_ros2_ws/install/franka_semantic_components/lib:/home/curdin/franka_ros2_ws/install/franka_hardware/lib:/home/curdin/franka_ros2_ws/install/franka_gripper/lib:/opt/ros/humble/opt/rviz_ogre_vendor/lib:/opt/ros/humble/lib/x86_64-linux-gnu:/opt/ros/humble/lib /usr/bin/cmake /home/curdin/franka_ros2_ws/src/franka_ros2/franka_hardware -DCMAKE_BUILD_TYPE=Release -DCMAKE_INSTALL_PREFIX=/home/curdin/franka_ros2_ws/install/franka_hardware
[0.107s] -- The C compiler identification is GNU 11.4.0
[0.147s] -- The CXX compiler identification is GNU 11.4.0
[0.152s] -- Detecting C compiler ABI info
[0.206s] -- Detecting C compiler ABI info - done
[0.212s] -- Check for working C compiler: /usr/bin/cc - skipped
[0.212s] -- Detecting C compile features
[0.212s] -- Detecting C compile features - done
[0.214s] -- Detecting CXX compiler ABI info
[0.271s] -- Detecting CXX compiler ABI info - done
[0.276s] -- Check for working CXX compiler: /usr/bin/c++ - skipped
[0.276s] -- Detecting CXX compile features
[0.276s] -- Detecting CXX compile features - done
[0.278s] -- Found ament_cmake: 1.3.7 (/opt/ros/humble/share/ament_cmake/cmake)
[0.403s] -- Found Python3: /usr/bin/python3.10 (found version "3.10.12") found components: Interpreter 
[0.484s] -- Found rclcpp: 16.0.6 (/opt/ros/humble/share/rclcpp/cmake)
[0.519s] -- Found rosidl_generator_c: 3.1.5 (/opt/ros/humble/share/rosidl_generator_c/cmake)
[0.523s] -- Found rosidl_adapter: 3.1.5 (/opt/ros/humble/share/rosidl_adapter/cmake)
[0.529s] -- Found rosidl_generator_cpp: 3.1.5 (/opt/ros/humble/share/rosidl_generator_cpp/cmake)
[0.539s] -- Using all available rosidl_typesupport_c: rosidl_typesupport_fastrtps_c;rosidl_typesupport_introspection_c
[0.553s] -- Using all available rosidl_typesupport_cpp: rosidl_typesupport_fastrtps_cpp;rosidl_typesupport_introspection_cpp
[0.603s] -- Found rmw_implementation_cmake: 6.1.1 (/opt/ros/humble/share/rmw_implementation_cmake/cmake)
[0.605s] -- Found rmw_fastrtps_cpp: 6.2.4 (/opt/ros/humble/share/rmw_fastrtps_cpp/cmake)
[0.673s] -- Found OpenSSL: /usr/lib/x86_64-linux-gnu/libcrypto.so (found version "3.0.2")  
[0.692s] -- Found FastRTPS: /opt/ros/humble/include  
[0.724s] -- Using RMW implementation 'rmw_fastrtps_cpp' as default
[0.730s] -- Looking for pthread.h
[0.782s] -- Looking for pthread.h - found
[0.782s] -- Performing Test CMAKE_HAVE_LIBC_PTHREAD
[0.841s] -- Performing Test CMAKE_HAVE_LIBC_PTHREAD - Success
[0.842s] -- Found Threads: TRUE  
[0.953s] -- Found franka_msgs: 0.1.8 (/home/curdin/franka_ros2_ws/install/franka_msgs/share/franka_msgs/cmake)
[1.055s] -- Found hardware_interface: 2.37.0 (/opt/ros/humble/share/hardware_interface/cmake)
[1.409s] -- Found rclcpp_components: 16.0.6 (/opt/ros/humble/share/rclcpp_components/cmake)
[1.489s] -- Found ament_cmake_clang_format: 0.12.10 (/opt/ros/humble/share/ament_cmake_clang_format/cmake)
[1.490s] -- Found ament_cmake_copyright: 0.12.8 (/opt/ros/humble/share/ament_cmake_copyright/cmake)
[1.491s] -- Found ament_cmake_cppcheck: 0.12.8 (/opt/ros/humble/share/ament_cmake_cppcheck/cmake)
[1.492s] -- Found ament_cmake_flake8: 0.12.8 (/opt/ros/humble/share/ament_cmake_flake8/cmake)
[1.493s] -- Found ament_cmake_lint_cmake: 0.12.8 (/opt/ros/humble/share/ament_cmake_lint_cmake/cmake)
[1.495s] -- Found ament_cmake_pep257: 0.12.8 (/opt/ros/humble/share/ament_cmake_pep257/cmake)
[1.496s] -- Found ament_cmake_xmllint: 0.12.8 (/opt/ros/humble/share/ament_cmake_xmllint/cmake)
[1.500s] -- Found ament_cmake_gmock: 1.3.5 (/opt/ros/humble/share/ament_cmake_gmock/cmake)
[1.501s] -- Found gmock sources under '/opt/ros/humble/src/gmock_vendor': C++ tests using 'Google Mock' will be built
[1.504s] -- Found ament_cmake_gtest: 1.3.5 (/opt/ros/humble/share/ament_cmake_gtest/cmake)
[1.505s] -- Found gtest sources under '/opt/ros/humble/src/gtest_vendor': C++ tests using 'Google Test' will be built
[1.553s] -- Configuring done
[1.603s] -- Generating done
[1.605s] -- Build files have been written to: /home/curdin/franka_ros2_ws/build/franka_hardware
[1.615s] Invoked command in '/home/curdin/franka_ros2_ws/build/franka_hardware' returned '0': CMAKE_PREFIX_PATH=/home/curdin/franka_ros2_ws/install/franka_msgs:/home/curdin/franka_ros2_ws/install/joint_trajectory_controller:/home/curdin/franka_ros2_ws/install/integration_launch_testing:/home/curdin/franka_ros2_ws/install/franka_bringup:/home/curdin/franka_ros2_ws/install/franka_robot_state_broadcaster:/home/curdin/franka_ros2_ws/install/franka_example_controllers:/home/curdin/franka_ros2_ws/install/franka_semantic_components:/home/curdin/franka_ros2_ws/install/franka_moveit_config:/home/curdin/franka_ros2_ws/install/franka_hardware:/home/curdin/franka_ros2_ws/install/franka_gripper:/home/curdin/franka_ros2_ws/install/franka_description:/opt/ros/humble LD_LIBRARY_PATH=/home/curdin/franka_ros2_ws/install/franka_msgs/lib:/home/curdin/franka_ros2_ws/install/joint_trajectory_controller/lib:/home/curdin/franka_ros2_ws/install/integration_launch_testing/lib:/home/curdin/franka_ros2_ws/install/franka_robot_state_broadcaster/lib:/home/curdin/franka_ros2_ws/install/franka_example_controllers/lib:/home/curdin/franka_ros2_ws/install/franka_semantic_components/lib:/home/curdin/franka_ros2_ws/install/franka_hardware/lib:/home/curdin/franka_ros2_ws/install/franka_gripper/lib:/opt/ros/humble/opt/rviz_ogre_vendor/lib:/opt/ros/humble/lib/x86_64-linux-gnu:/opt/ros/humble/lib /usr/bin/cmake /home/curdin/franka_ros2_ws/src/franka_ros2/franka_hardware -DCMAKE_BUILD_TYPE=Release -DCMAKE_INSTALL_PREFIX=/home/curdin/franka_ros2_ws/install/franka_hardware
[1.615s] Invoking command in '/home/curdin/franka_ros2_ws/build/franka_hardware': CMAKE_PREFIX_PATH=/home/curdin/franka_ros2_ws/install/franka_msgs:/home/curdin/franka_ros2_ws/install/joint_trajectory_controller:/home/curdin/franka_ros2_ws/install/integration_launch_testing:/home/curdin/franka_ros2_ws/install/franka_bringup:/home/curdin/franka_ros2_ws/install/franka_robot_state_broadcaster:/home/curdin/franka_ros2_ws/install/franka_example_controllers:/home/curdin/franka_ros2_ws/install/franka_semantic_components:/home/curdin/franka_ros2_ws/install/franka_moveit_config:/home/curdin/franka_ros2_ws/install/franka_hardware:/home/curdin/franka_ros2_ws/install/franka_gripper:/home/curdin/franka_ros2_ws/install/franka_description:/opt/ros/humble LD_LIBRARY_PATH=/home/curdin/franka_ros2_ws/install/franka_msgs/lib:/home/curdin/franka_ros2_ws/install/joint_trajectory_controller/lib:/home/curdin/franka_ros2_ws/install/integration_launch_testing/lib:/home/curdin/franka_ros2_ws/install/franka_robot_state_broadcaster/lib:/home/curdin/franka_ros2_ws/install/franka_example_controllers/lib:/home/curdin/franka_ros2_ws/install/franka_semantic_components/lib:/home/curdin/franka_ros2_ws/install/franka_hardware/lib:/home/curdin/franka_ros2_ws/install/franka_gripper/lib:/opt/ros/humble/opt/rviz_ogre_vendor/lib:/opt/ros/humble/lib/x86_64-linux-gnu:/opt/ros/humble/lib /usr/bin/cmake --build /home/curdin/franka_ros2_ws/build/franka_hardware -- -j20 -l20
[1.651s] [  6%] [32mBuilding CXX object CMakeFiles/franka_hardware.dir/src/robot.cpp.o[0m
[1.652s] [ 18%] [32mBuilding CXX object CMakeFiles/franka_hardware.dir/src/franka_executor.cpp.o[0m
[1.653s] [ 18%] [32mBuilding CXX object CMakeFiles/franka_hardware.dir/src/franka_hardware_interface.cpp.o[0m
[1.653s] [ 31%] [32mBuilding CXX object CMakeFiles/franka_hardware.dir/src/franka_param_service_server.cpp.o[0m
[1.653s] [ 31%] [32mBuilding CXX object gmock/CMakeFiles/gmock.dir/opt/ros/humble/src/gtest_vendor/src/gtest-all.cc.o[0m
[1.654s] [ 37%] [32mBuilding CXX object gmock/CMakeFiles/gmock_main.dir/src/gmock_main.cc.o[0m
[1.654s] [ 43%] [32mBuilding CXX object gmock/CMakeFiles/gmock.dir/src/gmock-all.cc.o[0m
[5.156s] [ 50%] [32m[1mLinking CXX static library libgmock_main.a[0m
[5.220s] [ 50%] Built target gmock_main
[11.446s] [ 56%] [32m[1mLinking CXX static library libgmock.a[0m
[11.500s] [ 56%] Built target gmock
[12.222s] [ 62%] [32m[1mLinking CXX shared library libfranka_hardware.so[0m
[12.445s] [ 62%] Built target franka_hardware
[12.468s] [ 68%] [32mBuilding CXX object test/CMakeFiles/franka_hardware_command_interface_test.dir/franka_hardware_cartesian_command_interface_test.cpp.o[0m
[12.469s] [ 81%] [32mBuilding CXX object test/CMakeFiles/franka_hardware_robot_test.dir/franka_robot_test.cpp.o[0m
[12.469s] [ 81%] [32mBuilding CXX object test/CMakeFiles/franka_hardware_test.dir/franka_hardware_interface_test.cpp.o[0m
[18.312s] In file included from [01m[K/opt/ros/humble/src/gtest_vendor/include/gtest/gtest.h:375[m[K,
[18.312s]                  from [01m[K/opt/ros/humble/src/gmock_vendor/include/gmock/internal/gmock-internal-utils.h:47[m[K,
[18.313s]                  from [01m[K/opt/ros/humble/src/gmock_vendor/include/gmock/gmock-actions.h:51[m[K,
[18.313s]                  from [01m[K/opt/ros/humble/src/gmock_vendor/include/gmock/gmock.h:59[m[K,
[18.313s]                  from [01m[K/home/curdin/franka_ros2_ws/src/franka_ros2/franka_hardware/test/franka_hardware_interface_test.cpp:15[m[K:
[18.313s] [01m[K/home/curdin/franka_ros2_ws/src/franka_ros2/franka_hardware/test/franka_hardware_interface_test.cpp:[m[K In member function â€˜[01m[Kvirtual void FrankaHardwareInterfaceTest_given_that_the_robot_interfaces_are_set_when_call_export_state_interface_robot_model_interface_exists_Test::TestBody()[m[Kâ€™:
[18.313s] [01m[K/home/curdin/franka_ros2_ws/src/franka_ros2/franka_hardware/test/franka_hardware_interface_test.cpp:220:16:[m[K [01;35m[Kwarning: [m[Kdereferencing type-punned pointer will break strict-aliasing rules [[01;35m[K]8;;https://gcc.gnu.org/onlinedocs/gcc/Warning-Options.html#index-Wstrict-aliasing-Wstrict-aliasing]8;;[m[K]
[18.313s]   220 |               *[01;35m[Kreinterpret_cast<double*>(&model_address)[m[K,
[18.313s]       |                [01;35m[K^~~~~~~~~~~~~~~~~~~~~~~~~~~~~~~~~~~~~~~~~[m[K
[18.313s] [01m[K/opt/ros/humble/src/gtest_vendor/include/gtest/gtest_pred_impl.h:77:52:[m[K [01;36m[Knote: [m[Kin definition of macro â€˜[01m[KGTEST_ASSERT_[m[Kâ€™
[18.313s]    77 |   if (const ::testing::AssertionResult gtest_ar = ([01;36m[Kexpression[m[K)) \
[18.314s]       |                                                    [01;36m[K^~~~~~~~~~[m[K
[18.314s] [01m[K/opt/ros/humble/src/gtest_vendor/include/gtest/gtest_pred_impl.h:219:3:[m[K [01;36m[Knote: [m[Kin expansion of macro â€˜[01m[KGTEST_PRED_FORMAT3_[m[Kâ€™
[18.314s]   219 |   [01;36m[KGTEST_PRED_FORMAT3_[m[K(pred_format, v1, v2, v3, GTEST_NONFATAL_FAILURE_)
[18.314s]       |   [01;36m[K^~~~~~~~~~~~~~~~~~~[m[K
[18.314s] [01m[K/opt/ros/humble/src/gtest_vendor/include/gtest/gtest.h:2145:3:[m[K [01;36m[Knote: [m[Kin expansion of macro â€˜[01m[KEXPECT_PRED_FORMAT3[m[Kâ€™
[18.314s]  2145 |   [01;36m[KEXPECT_PRED_FORMAT3[m[K(::testing::internal::DoubleNearPredFormat, \
[18.314s]       |   [01;36m[K^~~~~~~~~~~~~~~~~~~[m[K
[18.314s] [01m[K/home/curdin/franka_ros2_ws/src/franka_ros2/franka_hardware/test/franka_hardware_interface_test.cpp:219:3:[m[K [01;36m[Knote: [m[Kin expansion of macro â€˜[01m[KEXPECT_NEAR[m[Kâ€™
[18.314s]   219 |   [01;36m[KEXPECT_NEAR[m[K(states[state_interface_size - 1].get_value(),
[18.314s]       |   [01;36m[K^~~~~~~~~~~[m[K
[18.316s] [01m[K/home/curdin/franka_ros2_ws/src/franka_ros2/franka_hardware/test/franka_hardware_interface_test.cpp:[m[K In member function â€˜[01m[Kvirtual void FrankaHardwareInterfaceTest_given_that_the_robot_interfaces_are_set_when_call_export_state_interface_robot_state_interface_exists_Test::TestBody()[m[Kâ€™:
[18.316s] [01m[K/home/curdin/franka_ros2_ws/src/franka_ros2/franka_hardware/test/franka_hardware_interface_test.cpp:251:16:[m[K [01;35m[Kwarning: [m[Kdereferencing type-punned pointer will break strict-aliasing rules [[01;35m[K]8;;https://gcc.gnu.org/onlinedocs/gcc/Warning-Options.html#index-Wstrict-aliasing-Wstrict-aliasing]8;;[m[K]
[18.316s]   251 |               *[01;35m[Kreinterpret_cast<double*>(&robot_state_address)[m[K,
[18.316s]       |                [01;35m[K^~~~~~~~~~~~~~~~~~~~~~~~~~~~~~~~~~~~~~~~~~~~~~~[m[K
[18.317s] [01m[K/opt/ros/humble/src/gtest_vendor/include/gtest/gtest_pred_impl.h:77:52:[m[K [01;36m[Knote: [m[Kin definition of macro â€˜[01m[KGTEST_ASSERT_[m[Kâ€™
[18.317s]    77 |   if (const ::testing::AssertionResult gtest_ar = ([01;36m[Kexpression[m[K)) \
[18.317s]       |                                                    [01;36m[K^~~~~~~~~~[m[K
[18.317s] [01m[K/opt/ros/humble/src/gtest_vendor/include/gtest/gtest_pred_impl.h:219:3:[m[K [01;36m[Knote: [m[Kin expansion of macro â€˜[01m[KGTEST_PRED_FORMAT3_[m[Kâ€™
[18.317s]   219 |   [01;36m[KGTEST_PRED_FORMAT3_[m[K(pred_format, v1, v2, v3, GTEST_NONFATAL_FAILURE_)
[18.317s]       |   [01;36m[K^~~~~~~~~~~~~~~~~~~[m[K
[18.317s] [01m[K/opt/ros/humble/src/gtest_vendor/include/gtest/gtest.h:2145:3:[m[K [01;36m[Knote: [m[Kin expansion of macro â€˜[01m[KEXPECT_PRED_FORMAT3[m[Kâ€™
[18.317s]  2145 |   [01;36m[KEXPECT_PRED_FORMAT3[m[K(::testing::internal::DoubleNearPredFormat, \
[18.317s]       |   [01;36m[K^~~~~~~~~~~~~~~~~~~[m[K
[18.318s] [01m[K/home/curdin/franka_ros2_ws/src/franka_ros2/franka_hardware/test/franka_hardware_interface_test.cpp:250:3:[m[K [01;36m[Knote: [m[Kin expansion of macro â€˜[01m[KEXPECT_NEAR[m[Kâ€™
[18.318s]   250 |   [01;36m[KEXPECT_NEAR[m[K(states[state_interface_size - 2].get_value(),
[18.318s]       |   [01;36m[K^~~~~~~~~~~[m[K
[26.248s] [ 87%] [32m[1mLinking CXX executable franka_hardware_robot_test[0m
[26.567s] [ 87%] Built target franka_hardware_robot_test
[27.374s] [ 93%] [32m[1mLinking CXX executable franka_hardware_command_interface_test[0m
[27.724s] [ 93%] Built target franka_hardware_command_interface_test
[34.515s] [100%] [32m[1mLinking CXX executable franka_hardware_test[0m
[34.713s] [100%] Built target franka_hardware_test
[34.726s] Invoked command in '/home/curdin/franka_ros2_ws/build/franka_hardware' returned '0': CMAKE_PREFIX_PATH=/home/curdin/franka_ros2_ws/install/franka_msgs:/home/curdin/franka_ros2_ws/install/joint_trajectory_controller:/home/curdin/franka_ros2_ws/install/integration_launch_testing:/home/curdin/franka_ros2_ws/install/franka_bringup:/home/curdin/franka_ros2_ws/install/franka_robot_state_broadcaster:/home/curdin/franka_ros2_ws/install/franka_example_controllers:/home/curdin/franka_ros2_ws/install/franka_semantic_components:/home/curdin/franka_ros2_ws/install/franka_moveit_config:/home/curdin/franka_ros2_ws/install/franka_hardware:/home/curdin/franka_ros2_ws/install/franka_gripper:/home/curdin/franka_ros2_ws/install/franka_description:/opt/ros/humble LD_LIBRARY_PATH=/home/curdin/franka_ros2_ws/install/franka_msgs/lib:/home/curdin/franka_ros2_ws/install/joint_trajectory_controller/lib:/home/curdin/franka_ros2_ws/install/integration_launch_testing/lib:/home/curdin/franka_ros2_ws/install/franka_robot_state_broadcaster/lib:/home/curdin/franka_ros2_ws/install/franka_example_controllers/lib:/home/curdin/franka_ros2_ws/install/franka_semantic_components/lib:/home/curdin/franka_ros2_ws/install/franka_hardware/lib:/home/curdin/franka_ros2_ws/install/franka_gripper/lib:/opt/ros/humble/opt/rviz_ogre_vendor/lib:/opt/ros/humble/lib/x86_64-linux-gnu:/opt/ros/humble/lib /usr/bin/cmake --build /home/curdin/franka_ros2_ws/build/franka_hardware -- -j20 -l20
[34.752s] Invoking command in '/home/curdin/franka_ros2_ws/build/franka_hardware': CMAKE_PREFIX_PATH=/home/curdin/franka_ros2_ws/install/franka_msgs:/home/curdin/franka_ros2_ws/install/joint_trajectory_controller:/home/curdin/franka_ros2_ws/install/integration_launch_testing:/home/curdin/franka_ros2_ws/install/franka_bringup:/home/curdin/franka_ros2_ws/install/franka_robot_state_broadcaster:/home/curdin/franka_ros2_ws/install/franka_example_controllers:/home/curdin/franka_ros2_ws/install/franka_semantic_components:/home/curdin/franka_ros2_ws/install/franka_moveit_config:/home/curdin/franka_ros2_ws/install/franka_hardware:/home/curdin/franka_ros2_ws/install/franka_gripper:/home/curdin/franka_ros2_ws/install/franka_description:/opt/ros/humble LD_LIBRARY_PATH=/home/curdin/franka_ros2_ws/install/franka_msgs/lib:/home/curdin/franka_ros2_ws/install/joint_trajectory_controller/lib:/home/curdin/franka_ros2_ws/install/integration_launch_testing/lib:/home/curdin/franka_ros2_ws/install/franka_robot_state_broadcaster/lib:/home/curdin/franka_ros2_ws/install/franka_example_controllers/lib:/home/curdin/franka_ros2_ws/install/franka_semantic_components/lib:/home/curdin/franka_ros2_ws/install/franka_hardware/lib:/home/curdin/franka_ros2_ws/install/franka_gripper/lib:/opt/ros/humble/opt/rviz_ogre_vendor/lib:/opt/ros/humble/lib/x86_64-linux-gnu:/opt/ros/humble/lib /usr/bin/cmake --install /home/curdin/franka_ros2_ws/build/franka_hardware
[34.756s] -- Install configuration: "Release"
[34.756s] -- Installing: /home/curdin/franka_ros2_ws/install/franka_hardware/share/franka_hardware/franka_hardware.xml
[34.756s] -- Installing: /home/curdin/franka_ros2_ws/install/franka_hardware/lib/libfranka_hardware.so
[34.757s] -- Set runtime path of "/home/curdin/franka_ros2_ws/install/franka_hardware/lib/libfranka_hardware.so" to ""
[34.757s] -- Installing: /home/curdin/franka_ros2_ws/install/franka_hardware/include
[34.757s] -- Installing: /home/curdin/franka_ros2_ws/install/franka_hardware/include/franka_hardware
[34.757s] -- Installing: /home/curdin/franka_ros2_ws/install/franka_hardware/include/franka_hardware/franka_hardware_interface.hpp
[34.757s] -- Installing: /home/curdin/franka_ros2_ws/install/franka_hardware/include/franka_hardware/franka_param_service_server.hpp
[34.758s] -- Installing: /home/curdin/franka_ros2_ws/install/franka_hardware/include/franka_hardware/robot.hpp
[34.758s] -- Installing: /home/curdin/franka_ros2_ws/install/franka_hardware/include/franka_hardware/franka_executor.hpp
[34.758s] -- Installing: /home/curdin/franka_ros2_ws/install/franka_hardware/include/franka_hardware/model.hpp
[34.758s] -- Installing: /home/curdin/franka_ros2_ws/install/franka_hardware/share/franka_hardware/environment/library_path.sh
[34.758s] -- Installing: /home/curdin/franka_ros2_ws/install/franka_hardware/share/franka_hardware/environment/library_path.dsv
[34.758s] -- Installing: /home/curdin/franka_ros2_ws/install/franka_hardware/share/ament_index/resource_index/package_run_dependencies/franka_hardware
[34.758s] -- Installing: /home/curdin/franka_ros2_ws/install/franka_hardware/share/ament_index/resource_index/parent_prefix_path/franka_hardware
[34.758s] -- Installing: /home/curdin/franka_ros2_ws/install/franka_hardware/share/franka_hardware/environment/ament_prefix_path.sh
[34.758s] -- Installing: /home/curdin/franka_ros2_ws/install/franka_hardware/share/franka_hardware/environment/ament_prefix_path.dsv
[34.758s] -- Installing: /home/curdin/franka_ros2_ws/install/franka_hardware/share/franka_hardware/environment/path.sh
[34.758s] -- Installing: /home/curdin/franka_ros2_ws/install/franka_hardware/share/franka_hardware/environment/path.dsv
[34.758s] -- Installing: /home/curdin/franka_ros2_ws/install/franka_hardware/share/franka_hardware/local_setup.bash
[34.758s] -- Installing: /home/curdin/franka_ros2_ws/install/franka_hardware/share/franka_hardware/local_setup.sh
[34.758s] -- Installing: /home/curdin/franka_ros2_ws/install/franka_hardware/share/franka_hardware/local_setup.zsh
[34.758s] -- Installing: /home/curdin/franka_ros2_ws/install/franka_hardware/share/franka_hardware/local_setup.dsv
[34.758s] -- Installing: /home/curdin/franka_ros2_ws/install/franka_hardware/share/franka_hardware/package.dsv
[34.758s] -- Installing: /home/curdin/franka_ros2_ws/install/franka_hardware/share/ament_index/resource_index/packages/franka_hardware
[34.758s] -- Installing: /home/curdin/franka_ros2_ws/install/franka_hardware/share/ament_index/resource_index/hardware_interface__pluginlib__plugin/franka_hardware
[34.758s] -- Installing: /home/curdin/franka_ros2_ws/install/franka_hardware/share/franka_hardware/cmake/ament_cmake_export_include_directories-extras.cmake
[34.758s] -- Installing: /home/curdin/franka_ros2_ws/install/franka_hardware/share/franka_hardware/cmake/ament_cmake_export_libraries-extras.cmake
[34.758s] -- Installing: /home/curdin/franka_ros2_ws/install/franka_hardware/share/franka_hardware/cmake/ament_cmake_export_dependencies-extras.cmake
[34.758s] -- Installing: /home/curdin/franka_ros2_ws/install/franka_hardware/share/franka_hardware/cmake/franka_hardwareConfig.cmake
[34.758s] -- Installing: /home/curdin/franka_ros2_ws/install/franka_hardware/share/franka_hardware/cmake/franka_hardwareConfig-version.cmake
[34.758s] -- Installing: /home/curdin/franka_ros2_ws/install/franka_hardware/share/franka_hardware/package.xml
[34.760s] Invoked command in '/home/curdin/franka_ros2_ws/build/franka_hardware' returned '0': CMAKE_PREFIX_PATH=/home/curdin/franka_ros2_ws/install/franka_msgs:/home/curdin/franka_ros2_ws/install/joint_trajectory_controller:/home/curdin/franka_ros2_ws/install/integration_launch_testing:/home/curdin/franka_ros2_ws/install/franka_bringup:/home/curdin/franka_ros2_ws/install/franka_robot_state_broadcaster:/home/curdin/franka_ros2_ws/install/franka_example_controllers:/home/curdin/franka_ros2_ws/install/franka_semantic_components:/home/curdin/franka_ros2_ws/install/franka_moveit_config:/home/curdin/franka_ros2_ws/install/franka_hardware:/home/curdin/franka_ros2_ws/install/franka_gripper:/home/curdin/franka_ros2_ws/install/franka_description:/opt/ros/humble LD_LIBRARY_PATH=/home/curdin/franka_ros2_ws/install/franka_msgs/lib:/home/curdin/franka_ros2_ws/install/joint_trajectory_controller/lib:/home/curdin/franka_ros2_ws/install/integration_launch_testing/lib:/home/curdin/franka_ros2_ws/install/franka_robot_state_broadcaster/lib:/home/curdin/franka_ros2_ws/install/franka_example_controllers/lib:/home/curdin/franka_ros2_ws/install/franka_semantic_components/lib:/home/curdin/franka_ros2_ws/install/franka_hardware/lib:/home/curdin/franka_ros2_ws/install/franka_gripper/lib:/opt/ros/humble/opt/rviz_ogre_vendor/lib:/opt/ros/humble/lib/x86_64-linux-gnu:/opt/ros/humble/lib /usr/bin/cmake --install /home/curdin/franka_ros2_ws/build/franka_hardware
