[01m[K/home/curdin/franka_ros2_ws/src/franka_ros2/franka_example_controllers/src/joint_impedance_example_controller.cpp:[m[K In member function â€˜[01m[Kvoid joint_impedance_example_controller::JointImpedanceExampleController::topic_callback(std::shared_ptr<franka_msgs::msg::FrankaRobotState_<std::allocator<void> > >)[m[Kâ€™:
[01m[K/home/curdin/franka_ros2_ws/src/franka_ros2/franka_example_controllers/src/joint_impedance_example_controller.cpp:176:23:[m[K [01;31m[Kerror: [m[Kâ€˜[01m[Kconst class std::shared_ptr<franka_msgs::msg::FrankaRobotState_<std::allocator<void> > >[m[Kâ€™ has no member named â€˜[01m[Ko_f_ext_hat_k[m[Kâ€™
  176 |   O_F_ext_hat_K = msg.[01;31m[Ko_f_ext_hat_k[m[K;
      |                       [01;31m[K^~~~~~~~~~~~~[m[K
gmake[2]: *** [CMakeFiles/franka_example_controllers.dir/build.make:90: CMakeFiles/franka_example_controllers.dir/src/joint_impedance_example_controller.cpp.o] Error 1
gmake[1]: *** [CMakeFiles/Makefile2:184: CMakeFiles/franka_example_controllers.dir/all] Error 2
gmake: *** [Makefile:146: all] Error 2
