[0.069s] Invoking command in '/home/curdin/franka_ros2_ws/build/franka_example_controllers': CMAKE_PREFIX_PATH=/home/curdin/franka_ros2_ws/install/franka_semantic_components:/home/curdin/franka_ros2_ws/install/franka_hardware:/home/curdin/franka_ros2_ws/install/franka_msgs:/home/curdin/franka_ros2_ws/install/cartesian_impedance_controller:/home/curdin/franka_ros2_ws/install/joint_trajectory_controller:/home/curdin/franka_ros2_ws/install/integration_launch_testing:/home/curdin/franka_ros2_ws/install/franka_bringup:/home/curdin/franka_ros2_ws/install/franka_robot_state_broadcaster:/home/curdin/franka_ros2_ws/install/franka_example_controllers:/home/curdin/franka_ros2_ws/install/franka_moveit_config:/home/curdin/franka_ros2_ws/install/franka_gripper:/home/curdin/franka_ros2_ws/install/franka_description:/opt/ros/humble LD_LIBRARY_PATH=/home/curdin/franka_ros2_ws/install/franka_semantic_components/lib:/home/curdin/franka_ros2_ws/install/franka_hardware/lib:/home/curdin/franka_ros2_ws/install/franka_msgs/lib:/home/curdin/franka_ros2_ws/install/cartesian_impedance_controller/lib:/home/curdin/franka_ros2_ws/install/joint_trajectory_controller/lib:/home/curdin/franka_ros2_ws/install/integration_launch_testing/lib:/home/curdin/franka_ros2_ws/install/franka_robot_state_broadcaster/lib:/home/curdin/franka_ros2_ws/install/franka_example_controllers/lib:/home/curdin/franka_ros2_ws/install/franka_gripper/lib:/opt/ros/humble/opt/rviz_ogre_vendor/lib:/opt/ros/humble/lib/x86_64-linux-gnu:/opt/ros/humble/lib /usr/bin/cmake --build /home/curdin/franka_ros2_ws/build/franka_example_controllers -- -j20 -l20
[0.099s] [  4%] Built target franka_example_controllers_parameters
[0.100s] [ 12%] Built target gmock_main
[0.100s] [ 25%] Built target gmock
[0.117s] [ 33%] Built target franka_example_controllers_test
[0.117s] [ 41%] Built target franka_example_controllers_test_load_move_to_start
[0.122s] [ 45%] [32mBuilding CXX object CMakeFiles/franka_example_controllers.dir/src/joint_impedance_example_controller.cpp.o[0m
[2.102s] [01m[K/home/curdin/franka_ros2_ws/src/franka_ros2/franka_example_controllers/src/joint_impedance_example_controller.cpp:[m[K In member function â€˜[01m[Kvoid joint_impedance_example_controller::JointImpedanceExampleController::topic_callback(std::shared_ptr<franka_msgs::msg::FrankaRobotState_<std::allocator<void> > >)[m[Kâ€™:
[2.102s] [01m[K/home/curdin/franka_ros2_ws/src/franka_ros2/franka_example_controllers/src/joint_impedance_example_controller.cpp:176:23:[m[K [01;31m[Kerror: [m[Kâ€˜[01m[Kconst class std::shared_ptr<franka_msgs::msg::FrankaRobotState_<std::allocator<void> > >[m[Kâ€™ has no member named â€˜[01m[Ko_f_ext_hat_k[m[Kâ€™
[2.102s]   176 |   O_F_ext_hat_K = msg.[01;31m[Ko_f_ext_hat_k[m[K;
[2.102s]       |                       [01;31m[K^~~~~~~~~~~~~[m[K
[8.208s] gmake[2]: *** [CMakeFiles/franka_example_controllers.dir/build.make:90: CMakeFiles/franka_example_controllers.dir/src/joint_impedance_example_controller.cpp.o] Error 1
[8.208s] gmake[1]: *** [CMakeFiles/Makefile2:184: CMakeFiles/franka_example_controllers.dir/all] Error 2
[8.208s] gmake: *** [Makefile:146: all] Error 2
[8.211s] Invoked command in '/home/curdin/franka_ros2_ws/build/franka_example_controllers' returned '2': CMAKE_PREFIX_PATH=/home/curdin/franka_ros2_ws/install/franka_semantic_components:/home/curdin/franka_ros2_ws/install/franka_hardware:/home/curdin/franka_ros2_ws/install/franka_msgs:/home/curdin/franka_ros2_ws/install/cartesian_impedance_controller:/home/curdin/franka_ros2_ws/install/joint_trajectory_controller:/home/curdin/franka_ros2_ws/install/integration_launch_testing:/home/curdin/franka_ros2_ws/install/franka_bringup:/home/curdin/franka_ros2_ws/install/franka_robot_state_broadcaster:/home/curdin/franka_ros2_ws/install/franka_example_controllers:/home/curdin/franka_ros2_ws/install/franka_moveit_config:/home/curdin/franka_ros2_ws/install/franka_gripper:/home/curdin/franka_ros2_ws/install/franka_description:/opt/ros/humble LD_LIBRARY_PATH=/home/curdin/franka_ros2_ws/install/franka_semantic_components/lib:/home/curdin/franka_ros2_ws/install/franka_hardware/lib:/home/curdin/franka_ros2_ws/install/franka_msgs/lib:/home/curdin/franka_ros2_ws/install/cartesian_impedance_controller/lib:/home/curdin/franka_ros2_ws/install/joint_trajectory_controller/lib:/home/curdin/franka_ros2_ws/install/integration_launch_testing/lib:/home/curdin/franka_ros2_ws/install/franka_robot_state_broadcaster/lib:/home/curdin/franka_ros2_ws/install/franka_example_controllers/lib:/home/curdin/franka_ros2_ws/install/franka_gripper/lib:/opt/ros/humble/opt/rviz_ogre_vendor/lib:/opt/ros/humble/lib/x86_64-linux-gnu:/opt/ros/humble/lib /usr/bin/cmake --build /home/curdin/franka_ros2_ws/build/franka_example_controllers -- -j20 -l20
