[0.067s] Invoking command in '/home/curdin/franka_ros2_ws/build/franka_example_controllers': CMAKE_PREFIX_PATH=/home/curdin/franka_ros2_ws/install/franka_semantic_components:/home/curdin/franka_ros2_ws/install/franka_hardware:/home/curdin/franka_ros2_ws/install/franka_msgs:/home/curdin/franka_ros2_ws/install/cartesian_impedance_controller:/home/curdin/franka_ros2_ws/install/joint_trajectory_controller:/home/curdin/franka_ros2_ws/install/integration_launch_testing:/home/curdin/franka_ros2_ws/install/franka_bringup:/home/curdin/franka_ros2_ws/install/franka_robot_state_broadcaster:/home/curdin/franka_ros2_ws/install/franka_example_controllers:/home/curdin/franka_ros2_ws/install/franka_moveit_config:/home/curdin/franka_ros2_ws/install/franka_gripper:/home/curdin/franka_ros2_ws/install/franka_description:/opt/ros/humble LD_LIBRARY_PATH=/home/curdin/franka_ros2_ws/install/franka_semantic_components/lib:/home/curdin/franka_ros2_ws/install/franka_hardware/lib:/home/curdin/franka_ros2_ws/install/franka_msgs/lib:/home/curdin/franka_ros2_ws/install/cartesian_impedance_controller/lib:/home/curdin/franka_ros2_ws/install/joint_trajectory_controller/lib:/home/curdin/franka_ros2_ws/install/integration_launch_testing/lib:/home/curdin/franka_ros2_ws/install/franka_robot_state_broadcaster/lib:/home/curdin/franka_ros2_ws/install/franka_example_controllers/lib:/home/curdin/franka_ros2_ws/install/franka_gripper/lib:/opt/ros/humble/opt/rviz_ogre_vendor/lib:/opt/ros/humble/lib/x86_64-linux-gnu:/opt/ros/humble/lib /usr/bin/cmake --build /home/curdin/franka_ros2_ws/build/franka_example_controllers -- -j20 -l20
[0.101s] [  4%] Built target franka_example_controllers_parameters
[0.101s] [ 12%] Built target gmock_main
[0.104s] [ 25%] Built target gmock
[0.112s] [35m[1mConsolidate compiler generated dependencies of target franka_example_controllers[0m
[0.121s] [ 33%] Built target franka_example_controllers_test
[0.121s] [ 41%] Built target franka_example_controllers_test_load_move_to_start
[0.135s] [ 45%] [32mBuilding CXX object CMakeFiles/franka_example_controllers.dir/src/joint_impedance_example_controller.cpp.o[0m
[1.605s] In file included from [01m[K/home/curdin/franka_ros2_ws/src/franka_ros2/franka_example_controllers/src/joint_impedance_example_controller.cpp:15[m[K:
[1.605s] [01m[K/home/curdin/franka_ros2_ws/src/franka_ros2/franka_example_controllers/include/franka_example_controllers/joint_impedance_example_controller.hpp:55:26:[m[K [01;31m[Kerror: [m[Kâ€˜[01m[Kfranka_msgs[m[Kâ€™ was not declared in this scope
[1.605s]    55 |     rclcpp::Subscription<[01;31m[Kfranka_msgs[m[K::msg::FrankaRobotState>::SharedPtr franka_state_subscriber = nullptr;
[1.605s]       |                          [01;31m[K^~~~~~~~~~~[m[K
[1.605s] [01m[K/home/curdin/franka_ros2_ws/src/franka_ros2/franka_example_controllers/include/franka_example_controllers/joint_impedance_example_controller.hpp:55:60:[m[K [01;31m[Kerror: [m[Ktemplate argument 1 is invalid
[1.605s]    55 |     rclcpp::Subscription<franka_msgs::msg::FrankaRobotState[01;31m[K>[m[K::SharedPtr franka_state_subscriber = nullptr;
[1.605s]       |                                                            [01;31m[K^[m[K
[1.605s] [01m[K/home/curdin/franka_ros2_ws/src/franka_ros2/franka_example_controllers/include/franka_example_controllers/joint_impedance_example_controller.hpp:55:60:[m[K [01;31m[Kerror: [m[Ktemplate argument 3 is invalid
[1.605s] [01m[K/home/curdin/franka_ros2_ws/src/franka_ros2/franka_example_controllers/include/franka_example_controllers/joint_impedance_example_controller.hpp:55:60:[m[K [01;31m[Kerror: [m[Ktemplate argument 4 is invalid
[1.605s] [01m[K/home/curdin/franka_ros2_ws/src/franka_ros2/franka_example_controllers/include/franka_example_controllers/joint_impedance_example_controller.hpp:55:60:[m[K [01;31m[Kerror: [m[Ktemplate argument 5 is invalid
[1.605s] [01m[K/home/curdin/franka_ros2_ws/src/franka_ros2/franka_example_controllers/include/franka_example_controllers/joint_impedance_example_controller.hpp:55:63:[m[K [01;31m[Kerror: [m[Kexpected â€˜[01m[K;[m[Kâ€™ at end of member declaration
[1.605s]    55 |     rclcpp::Subscription<franka_msgs::msg::FrankaRobotState>::[01;31m[KSharedPtr[m[K franka_state_subscriber = nullptr;
[1.605s]       |                                                               [01;31m[K^~~~~~~~~[m[K
[1.605s]       |                                                                        [32m[K;[m[K
[1.607s] [01m[K/home/curdin/franka_ros2_ws/src/franka_ros2/franka_example_controllers/include/franka_example_controllers/joint_impedance_example_controller.hpp:55:73:[m[K [01;31m[Kerror: [m[Kâ€˜[01m[Kfranka_state_subscriber[m[Kâ€™ does not name a type
[1.607s]    55 |     rclcpp::Subscription<franka_msgs::msg::FrankaRobotState>::SharedPtr [01;31m[Kfranka_state_subscriber[m[K = nullptr;
[1.607s]       |                                                                         [01;31m[K^~~~~~~~~~~~~~~~~~~~~~~[m[K
[1.612s] [01m[K/home/curdin/franka_ros2_ws/src/franka_ros2/franka_example_controllers/include/franka_example_controllers/joint_impedance_example_controller.hpp:58:47:[m[K [01;31m[Kerror: [m[Kâ€˜[01m[Kfranka_msgs[m[Kâ€™ was not declared in this scope
[1.612s]    58 |     void topic_callback(const std::shared_ptr<[01;31m[Kfranka_msgs[m[K::msg::FrankaRobotState> msg);
[1.612s]       |                                               [01;31m[K^~~~~~~~~~~[m[K
[1.612s] [01m[K/home/curdin/franka_ros2_ws/src/franka_ros2/franka_example_controllers/include/franka_example_controllers/joint_impedance_example_controller.hpp:58:81:[m[K [01;31m[Kerror: [m[Ktemplate argument 1 is invalid
[1.612s]    58 |     void topic_callback(const std::shared_ptr<franka_msgs::msg::FrankaRobotState[01;31m[K>[m[K msg);
[1.612s]       |                                                                                 [01;31m[K^[m[K
[1.617s] [01m[K/home/curdin/franka_ros2_ws/src/franka_ros2/franka_example_controllers/include/franka_example_controllers/joint_impedance_example_controller.hpp:58:47:[m[K [01;31m[Kerror: [m[Kâ€˜[01m[Kfranka_msgs[m[Kâ€™ was not declared in this scope
[1.617s]    58 |     void topic_callback(const std::shared_ptr<[01;31m[Kfranka_msgs[m[K::msg::FrankaRobotState> msg);
[1.617s]       |                                               [01;31m[K^~~~~~~~~~~[m[K
[1.617s] [01m[K/home/curdin/franka_ros2_ws/src/franka_ros2/franka_example_controllers/include/franka_example_controllers/joint_impedance_example_controller.hpp:58:81:[m[K [01;31m[Kerror: [m[Ktemplate argument 1 is invalid
[1.617s]    58 |     void topic_callback(const std::shared_ptr<franka_msgs::msg::FrankaRobotState[01;31m[K>[m[K msg);
[1.617s]       |                                                                                 [01;31m[K^[m[K
[1.621s] [01m[K/home/curdin/franka_ros2_ws/src/franka_ros2/franka_example_controllers/include/franka_example_controllers/joint_impedance_example_controller.hpp:58:47:[m[K [01;31m[Kerror: [m[Kâ€˜[01m[Kfranka_msgs[m[Kâ€™ was not declared in this scope
[1.621s]    58 |     void topic_callback(const std::shared_ptr<[01;31m[Kfranka_msgs[m[K::msg::FrankaRobotState> msg);
[1.621s]       |                                               [01;31m[K^~~~~~~~~~~[m[K
[1.621s] [01m[K/home/curdin/franka_ros2_ws/src/franka_ros2/franka_example_controllers/include/franka_example_controllers/joint_impedance_example_controller.hpp:58:81:[m[K [01;31m[Kerror: [m[Ktemplate argument 1 is invalid
[1.621s]    58 |     void topic_callback(const std::shared_ptr<franka_msgs::msg::FrankaRobotState[01;31m[K>[m[K msg);
[1.621s]       |                                                                                 [01;31m[K^[m[K
[1.621s] [01m[K/home/curdin/franka_ros2_ws/src/franka_ros2/franka_example_controllers/include/franka_example_controllers/joint_impedance_example_controller.hpp:58:31:[m[K [01;31m[Kerror: [m[Kinvalid template-id
[1.621s]    58 |     void topic_callback(const [01;31m[Kstd[m[K::shared_ptr<franka_msgs::msg::FrankaRobotState> msg);
[1.621s]       |                               [01;31m[K^~~[m[K
[1.621s] [01m[K/home/curdin/franka_ros2_ws/src/franka_ros2/franka_example_controllers/include/franka_example_controllers/joint_impedance_example_controller.hpp:58:47:[m[K [01;31m[Kerror: [m[Kâ€˜[01m[Kfranka_msgs[m[Kâ€™ has not been declared
[1.621s]    58 |     void topic_callback(const std::shared_ptr<[01;31m[Kfranka_msgs[m[K::msg::FrankaRobotState> msg);
[1.622s]       |                                               [01;31m[K^~~~~~~~~~~[m[K
[1.622s] [01m[K/home/curdin/franka_ros2_ws/src/franka_ros2/franka_example_controllers/include/franka_example_controllers/joint_impedance_example_controller.hpp:58:25:[m[K [01;31m[Kerror: [m[Kclass template placeholder â€˜[01m[Kstd::shared_ptr[m[Kâ€™ not permitted in this context
[1.622s]    58 |     void topic_callback([01;31m[Kconst[m[K std::shared_ptr<franka_msgs::msg::FrankaRobotState> msg);
[1.622s]       |                         [01;31m[K^~~~~[m[K
[1.640s] In file included from [01m[K/home/curdin/franka_ros2_ws/src/franka_ros2/franka_example_controllers/src/joint_impedance_example_controller.cpp:15[m[K:
[1.640s] [01m[K/home/curdin/franka_ros2_ws/src/franka_ros2/franka_example_controllers/include/franka_example_controllers/joint_impedance_example_controller.hpp:83:5:[m[K [01;31m[Kerror: [m[Kâ€˜[01m[Kfranka_hardware[m[Kâ€™ does not name a type
[1.640s]    83 |     [01;31m[Kfranka_hardware[m[K::FrankaHardwareInterface interfaceClass;
[1.640s]       |     [01;31m[K^~~~~~~~~~~~~~~[m[K
[1.648s] [01m[K/home/curdin/franka_ros2_ws/src/franka_ros2/franka_example_controllers/include/franka_example_controllers/joint_impedance_example_controller.hpp:84:21:[m[K [01;31m[Kerror: [m[Kâ€˜[01m[Kfranka_semantic_components[m[Kâ€™ was not declared in this scope
[1.648s]    84 |     std::unique_ptr<[01;31m[Kfranka_semantic_components[m[K::FrankaRobotModel> franka_robot_model_;
[1.648s]       |                     [01;31m[K^~~~~~~~~~~~~~~~~~~~~~~~~~[m[K
[1.648s] [01m[K/home/curdin/franka_ros2_ws/src/franka_ros2/franka_example_controllers/include/franka_example_controllers/joint_impedance_example_controller.hpp:84:65:[m[K [01;31m[Kerror: [m[Ktemplate argument 1 is invalid
[1.648s]    84 |     std::unique_ptr<franka_semantic_components::FrankaRobotModel[01;31m[K>[m[K franka_robot_model_;
[1.648s]       |                                                                 [01;31m[K^[m[K
[1.648s] [01m[K/home/curdin/franka_ros2_ws/src/franka_ros2/franka_example_controllers/include/franka_example_controllers/joint_impedance_example_controller.hpp:84:65:[m[K [01;31m[Kerror: [m[Ktemplate argument 2 is invalid
[1.668s] [01m[K/home/curdin/franka_ros2_ws/src/franka_ros2/franka_example_controllers/include/franka_example_controllers/joint_impedance_example_controller.hpp:89:42:[m[K [01;31m[Kerror: [m[Kâ€˜[01m[KIDENTITY[m[Kâ€™ was not declared in this scope
[1.668s]    89 |     Eigen::Matrix<double, 6, 6> Lambda = [01;31m[KIDENTITY[m[K;                                           // operational space mass matrix
[1.668s]       |                                          [01;31m[K^~~~~~~~[m[K
[1.672s] [01m[K/home/curdin/franka_ros2_ws/src/franka_ros2/franka_example_controllers/include/franka_example_controllers/joint_impedance_example_controller.hpp:90:38:[m[K [01;31m[Kerror: [m[Kâ€˜[01m[KIDENTITY[m[Kâ€™ was not declared in this scope
[1.672s]    90 |     Eigen::Matrix<double, 6, 6> Sm = [01;31m[KIDENTITY[m[K;                                               // task space selection matrix for positions and rotation
[1.672s]       |                                      [01;31m[K^~~~~~~~[m[K
[1.681s] [01m[K/home/curdin/franka_ros2_ws/src/franka_ros2/franka_example_controllers/include/franka_example_controllers/joint_impedance_example_controller.hpp:120:37:[m[K [01;31m[Kerror: [m[Kâ€˜[01m[KIDENTITY[m[Kâ€™ was not declared in this scope
[1.681s]   120 |     Eigen::Matrix<double, 6, 6> T = [01;31m[KIDENTITY[m[K;                                                // impedance inertia term
[1.681s]       |                                     [01;31m[K^~~~~~~~[m[K
[1.908s] [01m[K/home/curdin/franka_ros2_ws/src/franka_ros2/franka_example_controllers/src/joint_impedance_example_controller.cpp:[m[K In member function â€˜[01m[Kvirtual controller_interface::InterfaceConfiguration franka_example_controllers::JointImpedanceExampleController::state_interface_configuration() const[m[Kâ€™:
[1.908s] [01m[K/home/curdin/franka_ros2_ws/src/franka_ros2/franka_example_controllers/src/joint_impedance_example_controller.cpp:113:65:[m[K [01;31m[Kerror: [m[Kbase operand of â€˜[01m[K->[m[Kâ€™ is not a pointer
[1.908s]   113 |   for (const auto& franka_robot_model_name : franka_robot_model_[01;31m[K->[m[Kget_state_interface_names()) {
[1.908s]       |                                                                 [01;31m[K^~[m[K
[1.917s] [01m[K/home/curdin/franka_ros2_ws/src/franka_ros2/franka_example_controllers/src/joint_impedance_example_controller.cpp:[m[K In member function â€˜[01m[Kvirtual CallbackReturn franka_example_controllers::JointImpedanceExampleController::on_configure(const rclcpp_lifecycle::State&)[m[Kâ€™:
[1.917s] [01m[K/home/curdin/franka_ros2_ws/src/franka_ros2/franka_example_controllers/src/joint_impedance_example_controller.cpp:136:42:[m[K [01;31m[Kerror: [m[Kâ€˜[01m[Kfranka_semantic_components[m[Kâ€™ was not declared in this scope
[1.917s]   136 |   franka_robot_model_ = std::make_unique<[01;31m[Kfranka_semantic_components[m[K::FrankaRobotModel>(
[1.917s]       |                                          [01;31m[K^~~~~~~~~~~~~~~~~~~~~~~~~~[m[K
[1.917s] [01m[K/home/curdin/franka_ros2_ws/src/franka_ros2/franka_example_controllers/src/joint_impedance_example_controller.cpp:136:30:[m[K [01;31m[Kerror: [m[Kparse error in template argument list
[1.917s]   136 |   franka_robot_model_ = std::[01;31m[Kmake_unique<franka_semantic_components::FrankaRobotModel>[m[K(
[1.917s]       |                              [01;31m[K^~~~~~~~~~~~~~~~~~~~~~~~~~~~~~~~~~~~~~~~~~~~~~~~~~~~~~~~~[m[K
[1.917s] [01m[K/home/curdin/franka_ros2_ws/src/franka_ros2/franka_example_controllers/src/joint_impedance_example_controller.cpp:137:3:[m[K [01;31m[Kerror: [m[Kâ€˜[01m[Kfranka_semantic_components[m[Kâ€™ is not a class, namespace, or enumeration
[1.917s]   137 |   [01;31m[Kfranka_semantic_components[m[K::FrankaRobotModel(robot_name_ + "/" + k_robot_model_interface_name,
[1.917s]       |   [01;31m[K^~~~~~~~~~~~~~~~~~~~~~~~~~[m[K
[1.924s] [01m[K/home/curdin/franka_ros2_ws/src/franka_ros2/franka_example_controllers/src/joint_impedance_example_controller.cpp:141:5:[m[K [01;31m[Kerror: [m[Kâ€˜[01m[Kfranka_state_subscriber[m[Kâ€™ was not declared in this scope
[1.924s]   141 |     [01;31m[Kfranka_state_subscriber[m[K = get_node()->create_subscription<franka_msgs::msg::FrankaRobotState>(
[1.924s]       |     [01;31m[K^~~~~~~~~~~~~~~~~~~~~~~[m[K
[1.929s] [01m[K/home/curdin/franka_ros2_ws/src/franka_ros2/franka_example_controllers/src/joint_impedance_example_controller.cpp:141:63:[m[K [01;31m[Kerror: [m[Kâ€˜[01m[Kfranka_msgs[m[Kâ€™ was not declared in this scope
[1.929s]   141 |     franka_state_subscriber = get_node()->create_subscription<[01;31m[Kfranka_msgs[m[K::msg::FrankaRobotState>(
[1.929s]       |                                                               [01;31m[K^~~~~~~~~~~[m[K
[1.929s] [01m[K/home/curdin/franka_ros2_ws/src/franka_ros2/franka_example_controllers/src/joint_impedance_example_controller.cpp:141:43:[m[K [01;31m[Kerror: [m[Kparse error in template argument list
[1.929s]   141 |     franka_state_subscriber = get_node()->[01;31m[Kcreate_subscription<franka_msgs::msg::FrankaRobotState>[m[K(
[1.929s]       |                                           [01;31m[K^~~~~~~~~~~~~~~~~~~~~~~~~~~~~~~~~~~~~~~~~~~~~~~~~~~~~~~[m[K
[1.932s] [01m[K/home/curdin/franka_ros2_ws/src/franka_ros2/franka_example_controllers/src/joint_impedance_example_controller.cpp:141:98:[m[K [01;31m[Kerror: [m[Kno matching function for call to â€˜[01m[Krclcpp_lifecycle::LifecycleNode::create_subscription<<expression error> >(const char [43], rclcpp::SystemDefaultsQoS, std::_Bind_helper<false, void (franka_example_controllers::JointImpedanceExampleController::*)(...), franka_example_controllers::JointImpedanceExampleController*, const std::_Placeholder<1>&>::type)[m[Kâ€™
[1.932s]   141 |     franka_state_subscriber = [01;31m[Kget_node()->create_subscription<franka_msgs::msg::FrankaRobotState>([m[K
[1.932s]       |                               [01;31m[K~~~~~~~~~~~~~~~~~~~~~~~~~~~~~~~~~~~~~~~~~~~~~~~~~~~~~~~~~~~~~~~~~~~^[m[K
[1.932s]   142 | [01;31m[K    "franka_robot_state_broadcaster/robot_state", rclcpp::SystemDefaultsQoS(),[m[K
[1.932s]       |     [01;31m[K~~~~~~~~~~~~~~~~~~~~~~~~~~~~~~~~~~~~~~~~~~~~~~~~~~~~~~~~~~~~~~~~~~~~~~~~~~[m[K                    
[1.932s]   143 | [01;31m[K    std::bind(&JointImpedanceExampleController::topic_callback, this, std::placeholders::_1))[m[K;
[1.932s]       |     [01;31m[K~~~~~~~~~~~~~~~~~~~~~~~~~~~~~~~~~~~~~~~~~~~~~~~~~~~~~~~~~~~~~~~~~~~~~~~~~~~~~~~~~~~~~~~~~[m[K     
[1.932s] In file included from [01m[K/opt/ros/humble/include/controller_interface/controller_interface_base.hpp:29[m[K,
[1.932s]                  from [01m[K/opt/ros/humble/include/controller_interface/controller_interface.hpp:22[m[K,
[1.932s]                  from [01m[K/home/curdin/franka_ros2_ws/src/franka_ros2/franka_example_controllers/include/franka_example_controllers/joint_impedance_example_controller.hpp:20[m[K,
[1.932s]                  from [01m[K/home/curdin/franka_ros2_ws/src/franka_ros2/franka_example_controllers/src/joint_impedance_example_controller.cpp:15[m[K:
[1.932s] [01m[K/opt/ros/humble/include/rclcpp_lifecycle/rclcpp_lifecycle/lifecycle_node.hpp:234:3:[m[K [01;36m[Knote: [m[Kcandidate: â€˜[01m[Ktemplate<class MessageT, class CallbackT, class AllocatorT, class SubscriptionT, class MessageMemoryStrategyT> std::shared_ptr<ROSMessageT> rclcpp_lifecycle::LifecycleNode::create_subscription(const string&, const rclcpp::QoS&, CallbackT&&, const rclcpp::SubscriptionOptionsWithAllocator<AllocatorT>&, typename MessageMemoryStrategyT::SharedPtr)[m[Kâ€™
[1.932s]   234 |   [01;36m[Kcreate_subscription[m[K(
[1.932s]       |   [01;36m[K^~~~~~~~~~~~~~~~~~~[m[K
[1.932s] [01m[K/opt/ros/humble/include/rclcpp_lifecycle/rclcpp_lifecycle/lifecycle_node.hpp:234:3:[m[K [01;36m[Knote: [m[K  template argument deduction/substitution failed:
[1.932s] [01m[K/home/curdin/franka_ros2_ws/src/franka_ros2/franka_example_controllers/src/joint_impedance_example_controller.cpp:141:98:[m[K [01;31m[Kerror: [m[Ktemplate argument 1 is invalid
[1.932s]   141 |     franka_state_subscriber = [01;31m[Kget_node()->create_subscription<franka_msgs::msg::FrankaRobotState>([m[K
[1.932s]       |                               [01;31m[K~~~~~~~~~~~~~~~~~~~~~~~~~~~~~~~~~~~~~~~~~~~~~~~~~~~~~~~~~~~~~~~~~~~^[m[K
[1.932s]   142 | [01;31m[K    "franka_robot_state_broadcaster/robot_state", rclcpp::SystemDefaultsQoS(),[m[K
[1.932s]       |     [01;31m[K~~~~~~~~~~~~~~~~~~~~~~~~~~~~~~~~~~~~~~~~~~~~~~~~~~~~~~~~~~~~~~~~~~~~~~~~~~[m[K                    
[1.932s]   143 | [01;31m[K    std::bind(&JointImpedanceExampleController::topic_callback, this, std::placeholders::_1))[m[K;
[1.932s]       |     [01;31m[K~~~~~~~~~~~~~~~~~~~~~~~~~~~~~~~~~~~~~~~~~~~~~~~~~~~~~~~~~~~~~~~~~~~~~~~~~~~~~~~~~~~~~~~~~[m[K     
[1.933s] [01m[K/home/curdin/franka_ros2_ws/src/franka_ros2/franka_example_controllers/src/joint_impedance_example_controller.cpp:[m[K In member function â€˜[01m[Kvirtual CallbackReturn franka_example_controllers::JointImpedanceExampleController::on_activate(const rclcpp_lifecycle::State&)[m[Kâ€™:
[1.933s] [01m[K/home/curdin/franka_ros2_ws/src/franka_ros2/franka_example_controllers/src/joint_impedance_example_controller.cpp:158:22:[m[K [01;31m[Kerror: [m[Kbase operand of â€˜[01m[K->[m[Kâ€™ is not a pointer
[1.933s]   158 |   franka_robot_model_[01;31m[K->[m[Kassign_loaned_state_interfaces(state_interfaces_);
[1.933s]       |                      [01;31m[K^~[m[K
[1.933s] [01m[K/home/curdin/franka_ros2_ws/src/franka_ros2/franka_example_controllers/src/joint_impedance_example_controller.cpp:160:60:[m[K [01;31m[Kerror: [m[Kbase operand of â€˜[01m[K->[m[Kâ€™ is not a pointer
[1.933s]   160 |   std::array<double, 16> initial_pose = franka_robot_model_[01;31m[K->[m[KgetPoseMatrix(franka::Frame::kEndEffector);
[1.933s]       |                                                            [01;31m[K^~[m[K
[1.933s] [01m[K/home/curdin/franka_ros2_ws/src/franka_ros2/franka_example_controllers/src/joint_impedance_example_controller.cpp:160:76:[m[K [01;31m[Kerror: [m[Kâ€˜[01m[Kfranka[m[Kâ€™ has not been declared
[1.933s]   160 |   std::array<double, 16> initial_pose = franka_robot_model_->getPoseMatrix([01;31m[Kfranka[m[K::Frame::kEndEffector);
[1.933s]       |                                                                            [01;31m[K^~~~~~[m[K
[1.974s] [01m[K/home/curdin/franka_ros2_ws/src/franka_ros2/franka_example_controllers/src/joint_impedance_example_controller.cpp:[m[K In member function â€˜[01m[Kvirtual controller_interface::CallbackReturn franka_example_controllers::JointImpedanceExampleController::on_deactivate(const rclcpp_lifecycle::State&)[m[Kâ€™:
[1.974s] [01m[K/home/curdin/franka_ros2_ws/src/franka_ros2/franka_example_controllers/src/joint_impedance_example_controller.cpp:171:22:[m[K [01;31m[Kerror: [m[Kbase operand of â€˜[01m[K->[m[Kâ€™ is not a pointer
[1.974s]   171 |   franka_robot_model_[01;31m[K->[m[Krelease_interfaces();
[1.974s]       |                      [01;31m[K^~[m[K
[1.979s] [01m[K/home/curdin/franka_ros2_ws/src/franka_ros2/franka_example_controllers/src/joint_impedance_example_controller.cpp:[m[K At global scope:
[1.979s] [01m[K/home/curdin/franka_ros2_ws/src/franka_ros2/franka_example_controllers/src/joint_impedance_example_controller.cpp:176:76:[m[K [01;31m[Kerror: [m[Kâ€˜[01m[Kfranka_msgs[m[Kâ€™ was not declared in this scope
[1.979s]   176 | void JointImpedanceExampleController::topic_callback(const std::shared_ptr<[01;31m[Kfranka_msgs[m[K::msg::FrankaRobotState> msg) {
[1.979s]       |                                                                            [01;31m[K^~~~~~~~~~~[m[K
[1.979s] [01m[K/home/curdin/franka_ros2_ws/src/franka_ros2/franka_example_controllers/src/joint_impedance_example_controller.cpp:176:110:[m[K [01;31m[Kerror: [m[Ktemplate argument 1 is invalid
[1.979s]   176 | void JointImpedanceExampleController::topic_callback(const std::shared_ptr<franka_msgs::msg::FrankaRobotState[01;31m[K>[m[K msg) {
[1.979s]       |                                                                                                              [01;31m[K^[m[K
[1.984s] [01m[K/home/curdin/franka_ros2_ws/src/franka_ros2/franka_example_controllers/src/joint_impedance_example_controller.cpp:176:76:[m[K [01;31m[Kerror: [m[Kâ€˜[01m[Kfranka_msgs[m[Kâ€™ was not declared in this scope
[1.984s]   176 | void JointImpedanceExampleController::topic_callback(const std::shared_ptr<[01;31m[Kfranka_msgs[m[K::msg::FrankaRobotState> msg) {
[1.984s]       |                                                                            [01;31m[K^~~~~~~~~~~[m[K
[1.984s] [01m[K/home/curdin/franka_ros2_ws/src/franka_ros2/franka_example_controllers/src/joint_impedance_example_controller.cpp:176:110:[m[K [01;31m[Kerror: [m[Ktemplate argument 1 is invalid
[1.984s]   176 | void JointImpedanceExampleController::topic_callback(const std::shared_ptr<franka_msgs::msg::FrankaRobotState[01;31m[K>[m[K msg) {
[1.984s]       |                                                                                                              [01;31m[K^[m[K
[1.988s] [01m[K/home/curdin/franka_ros2_ws/src/franka_ros2/franka_example_controllers/src/joint_impedance_example_controller.cpp:176:76:[m[K [01;31m[Kerror: [m[Kâ€˜[01m[Kfranka_msgs[m[Kâ€™ was not declared in this scope
[1.988s]   176 | void JointImpedanceExampleController::topic_callback(const std::shared_ptr<[01;31m[Kfranka_msgs[m[K::msg::FrankaRobotState> msg) {
[1.988s]       |                                                                            [01;31m[K^~~~~~~~~~~[m[K
[1.988s] [01m[K/home/curdin/franka_ros2_ws/src/franka_ros2/franka_example_controllers/src/joint_impedance_example_controller.cpp:176:110:[m[K [01;31m[Kerror: [m[Ktemplate argument 1 is invalid
[1.988s]   176 | void JointImpedanceExampleController::topic_callback(const std::shared_ptr<franka_msgs::msg::FrankaRobotState[01;31m[K>[m[K msg) {
[1.988s]       |                                                                                                              [01;31m[K^[m[K
[1.988s] [01m[K/home/curdin/franka_ros2_ws/src/franka_ros2/franka_example_controllers/src/joint_impedance_example_controller.cpp:176:60:[m[K [01;31m[Kerror: [m[Kinvalid template-id
[1.988s]   176 | void JointImpedanceExampleController::topic_callback(const [01;31m[Kstd[m[K::shared_ptr<franka_msgs::msg::FrankaRobotState> msg) {
[1.988s]       |                                                            [01;31m[K^~~[m[K
[1.993s] [01m[K/home/curdin/franka_ros2_ws/src/franka_ros2/franka_example_controllers/src/joint_impedance_example_controller.cpp:176:76:[m[K [01;31m[Kerror: [m[Kâ€˜[01m[Kfranka_msgs[m[Kâ€™ was not declared in this scope
[1.993s]   176 | void JointImpedanceExampleController::topic_callback(const std::shared_ptr<[01;31m[Kfranka_msgs[m[K::msg::FrankaRobotState> msg) {
[1.993s]       |                                                                            [01;31m[K^~~~~~~~~~~[m[K
[1.993s] [01m[K/home/curdin/franka_ros2_ws/src/franka_ros2/franka_example_controllers/src/joint_impedance_example_controller.cpp:176:6:[m[K [01;31m[Kerror: [m[Kvariable or field â€˜[01m[Ktopic_callback[m[Kâ€™ declared void
[1.993s]   176 | void [01;31m[KJointImpedanceExampleController[m[K::topic_callback(const std::shared_ptr<franka_msgs::msg::FrankaRobotState> msg) {
[1.993s]       |      [01;31m[K^~~~~~~~~~~~~~~~~~~~~~~~~~~~~~~[m[K
[1.993s] [01m[K/home/curdin/franka_ros2_ws/src/franka_ros2/franka_example_controllers/src/joint_impedance_example_controller.cpp:176:54:[m[K [01;31m[Kerror: [m[Kexpected primary-expression before â€˜[01m[Kconst[m[Kâ€™
[1.993s]   176 | void JointImpedanceExampleController::topic_callback([01;31m[Kconst[m[K std::shared_ptr<franka_msgs::msg::FrankaRobotState> msg) {
[1.993s]       |                                                      [01;31m[K^~~~~[m[K
[1.993s] [01m[K/home/curdin/franka_ros2_ws/src/franka_ros2/franka_example_controllers/src/joint_impedance_example_controller.cpp:[m[K In member function â€˜[01m[Kvirtual controller_interface::return_type franka_example_controllers::JointImpedanceExampleController::update(const rclcpp::Time&, const rclcpp::Duration&)[m[Kâ€™:
[1.993s] [01m[K/home/curdin/franka_ros2_ws/src/franka_ros2/franka_example_controllers/src/joint_impedance_example_controller.cpp:199:52:[m[K [01;31m[Kerror: [m[Kbase operand of â€˜[01m[K->[m[Kâ€™ is not a pointer
[1.993s]   199 |   std::array<double, 49> mass = franka_robot_model_[01;31m[K->[m[KgetMassMatrix();
[1.993s]       |                                                    [01;31m[K^~[m[K
[1.993s] [01m[K/home/curdin/franka_ros2_ws/src/franka_ros2/franka_example_controllers/src/joint_impedance_example_controller.cpp:200:61:[m[K [01;31m[Kerror: [m[Kbase operand of â€˜[01m[K->[m[Kâ€™ is not a pointer
[1.993s]   200 |   std::array<double, 7> coriolis_array = franka_robot_model_[01;31m[K->[m[KgetCoriolisForceVector();
[1.993s]       |                                                             [01;31m[K^~[m[K
[1.993s] [01m[K/home/curdin/franka_ros2_ws/src/franka_ros2/franka_example_controllers/src/joint_impedance_example_controller.cpp:201:63:[m[K [01;31m[Kerror: [m[Kbase operand of â€˜[01m[K->[m[Kâ€™ is not a pointer
[1.993s]   201 |   std::array<double, 42> jacobian_array =  franka_robot_model_[01;31m[K->[m[KgetZeroJacobian(franka::Frame::kEndEffector);
[1.993s]       |                                                               [01;31m[K^~[m[K
[1.993s] [01m[K/home/curdin/franka_ros2_ws/src/franka_ros2/franka_example_controllers/src/joint_impedance_example_controller.cpp:201:81:[m[K [01;31m[Kerror: [m[Kâ€˜[01m[Kfranka[m[Kâ€™ has not been declared
[1.993s]   201 |   std::array<double, 42> jacobian_array =  franka_robot_model_->getZeroJacobian([01;31m[Kfranka[m[K::Frame::kEndEffector);
[1.994s]       |                                                                                 [01;31m[K^~~~~~[m[K
[1.994s] [01m[K/home/curdin/franka_ros2_ws/src/franka_ros2/franka_example_controllers/src/joint_impedance_example_controller.cpp:202:52:[m[K [01;31m[Kerror: [m[Kbase operand of â€˜[01m[K->[m[Kâ€™ is not a pointer
[1.994s]   202 |   std::array<double, 16> pose = franka_robot_model_[01;31m[K->[m[KgetPoseMatrix(franka::Frame::kEndEffector);
[1.994s]       |                                                    [01;31m[K^~[m[K
[1.994s] [01m[K/home/curdin/franka_ros2_ws/src/franka_ros2/franka_example_controllers/src/joint_impedance_example_controller.cpp:202:68:[m[K [01;31m[Kerror: [m[Kâ€˜[01m[Kfranka[m[Kâ€™ has not been declared
[1.994s]   202 |   std::array<double, 16> pose = franka_robot_model_->getPoseMatrix([01;31m[Kfranka[m[K::Frame::kEndEffector);
[1.994s]       |                                                                    [01;31m[K^~~~~~[m[K
[6.674s] gmake[2]: *** [CMakeFiles/franka_example_controllers.dir/build.make:90: CMakeFiles/franka_example_controllers.dir/src/joint_impedance_example_controller.cpp.o] Error 1
[6.674s] gmake[1]: *** [CMakeFiles/Makefile2:184: CMakeFiles/franka_example_controllers.dir/all] Error 2
[6.674s] gmake: *** [Makefile:146: all] Error 2
[6.675s] Invoked command in '/home/curdin/franka_ros2_ws/build/franka_example_controllers' returned '2': CMAKE_PREFIX_PATH=/home/curdin/franka_ros2_ws/install/franka_semantic_components:/home/curdin/franka_ros2_ws/install/franka_hardware:/home/curdin/franka_ros2_ws/install/franka_msgs:/home/curdin/franka_ros2_ws/install/cartesian_impedance_controller:/home/curdin/franka_ros2_ws/install/joint_trajectory_controller:/home/curdin/franka_ros2_ws/install/integration_launch_testing:/home/curdin/franka_ros2_ws/install/franka_bringup:/home/curdin/franka_ros2_ws/install/franka_robot_state_broadcaster:/home/curdin/franka_ros2_ws/install/franka_example_controllers:/home/curdin/franka_ros2_ws/install/franka_moveit_config:/home/curdin/franka_ros2_ws/install/franka_gripper:/home/curdin/franka_ros2_ws/install/franka_description:/opt/ros/humble LD_LIBRARY_PATH=/home/curdin/franka_ros2_ws/install/franka_semantic_components/lib:/home/curdin/franka_ros2_ws/install/franka_hardware/lib:/home/curdin/franka_ros2_ws/install/franka_msgs/lib:/home/curdin/franka_ros2_ws/install/cartesian_impedance_controller/lib:/home/curdin/franka_ros2_ws/install/joint_trajectory_controller/lib:/home/curdin/franka_ros2_ws/install/integration_launch_testing/lib:/home/curdin/franka_ros2_ws/install/franka_robot_state_broadcaster/lib:/home/curdin/franka_ros2_ws/install/franka_example_controllers/lib:/home/curdin/franka_ros2_ws/install/franka_gripper/lib:/opt/ros/humble/opt/rviz_ogre_vendor/lib:/opt/ros/humble/lib/x86_64-linux-gnu:/opt/ros/humble/lib /usr/bin/cmake --build /home/curdin/franka_ros2_ws/build/franka_example_controllers -- -j20 -l20
