[  6%] Built target franka_example_controllers_parameters
[ 18%] Built target gmock_main
[ 37%] Built target gmock
[35m[1mConsolidate compiler generated dependencies of target franka_example_controllers[0m
[ 50%] [32mBuilding CXX object CMakeFiles/franka_example_controllers_test.dir/test/test_load_gravity_compensation_controller.cpp.o[0m
[ 50%] [32mBuilding CXX object CMakeFiles/franka_example_controllers_test_load_move_to_start.dir/test/test_load_move_to_start_example_controller.cpp.o[0m
[01m[Kcc1plus:[m[K [01;31m[Kfatal error: [m[K/home/curdin/franka_ros2_ws/src/franka_ros2/franka_example_controllers/test/test_load_gravity_compensation_controller.cpp: No such file or directory
compilation terminated.
[01m[Kcc1plus:[m[K [01;31m[Kfatal error: [m[K/home/curdin/franka_ros2_ws/src/franka_ros2/franka_example_controllers/test/test_load_move_to_start_example_controller.cpp: No such file or directory
compilation terminated.
gmake[2]: *** [CMakeFiles/franka_example_controllers_test.dir/build.make:76: CMakeFiles/franka_example_controllers_test.dir/test/test_load_gravity_compensation_controller.cpp.o] Error 1
gmake[1]: *** [CMakeFiles/Makefile2:237: CMakeFiles/franka_example_controllers_test.dir/all] Error 2
gmake[1]: *** Waiting for unfinished jobs....
gmake[2]: *** [CMakeFiles/franka_example_controllers_test_load_move_to_start.dir/build.make:76: CMakeFiles/franka_example_controllers_test_load_move_to_start.dir/test/test_load_move_to_start_example_controller.cpp.o] Error 1
gmake[1]: *** [CMakeFiles/Makefile2:264: CMakeFiles/franka_example_controllers_test_load_move_to_start.dir/all] Error 2
[ 62%] Built target franka_example_controllers
gmake: *** [Makefile:146: all] Error 2
