-- Found ament_cmake: 1.3.7 (/opt/ros/humble/share/ament_cmake/cmake)
-- Found rclcpp: 16.0.6 (/opt/ros/humble/share/rclcpp/cmake)
-- Found rosidl_generator_c: 3.1.5 (/opt/ros/humble/share/rosidl_generator_c/cmake)
-- Found rosidl_adapter: 3.1.5 (/opt/ros/humble/share/rosidl_adapter/cmake)
-- Found rosidl_generator_cpp: 3.1.5 (/opt/ros/humble/share/rosidl_generator_cpp/cmake)
-- Using all available rosidl_typesupport_c: rosidl_typesupport_fastrtps_c;rosidl_typesupport_introspection_c
-- Using all available rosidl_typesupport_cpp: rosidl_typesupport_fastrtps_cpp;rosidl_typesupport_introspection_cpp
-- Found rmw_implementation_cmake: 6.1.1 (/opt/ros/humble/share/rmw_implementation_cmake/cmake)
-- Found rmw_fastrtps_cpp: 6.2.4 (/opt/ros/humble/share/rmw_fastrtps_cpp/cmake)
-- Using RMW implementation 'rmw_fastrtps_cpp' as default
-- Found controller_interface: 2.32.0 (/opt/ros/humble/share/controller_interface/cmake)
-- Found franka_msgs: 0.1.8 (/home/curdin/franka_ros2_ws/install/franka_msgs/share/franka_msgs/cmake)
-- Found franka_semantic_components: 0.1.0 (/home/curdin/franka_ros2_ws/install/franka_semantic_components/share/franka_semantic_components/cmake)
-- Found generate_parameter_library: 0.3.7 (/opt/ros/humble/share/generate_parameter_library/cmake)
-- Found parameter_traits: 0.3.6 (/opt/ros/humble/share/parameter_traits/cmake)
-- Found ament_cmake_clang_format: 0.12.10 (/opt/ros/humble/share/ament_cmake_clang_format/cmake)
-- Found ament_cmake_copyright: 0.12.8 (/opt/ros/humble/share/ament_cmake_copyright/cmake)
-- Found ament_cmake_cppcheck: 0.12.8 (/opt/ros/humble/share/ament_cmake_cppcheck/cmake)
-- Found ament_cmake_flake8: 0.12.8 (/opt/ros/humble/share/ament_cmake_flake8/cmake)
-- Found ament_cmake_lint_cmake: 0.12.8 (/opt/ros/humble/share/ament_cmake_lint_cmake/cmake)
-- Found ament_cmake_pep257: 0.12.8 (/opt/ros/humble/share/ament_cmake_pep257/cmake)
-- Found ament_cmake_xmllint: 0.12.8 (/opt/ros/humble/share/ament_cmake_xmllint/cmake)
-- Found ament_cmake_gmock: 1.3.5 (/opt/ros/humble/share/ament_cmake_gmock/cmake)
-- Found controller_manager: 2.37.0 (/opt/ros/humble/share/controller_manager/cmake)
-- Found ros2_control_test_assets: 2.37.0 (/opt/ros/humble/share/ros2_control_test_assets/cmake)
-- Found gmock sources under '/opt/ros/humble/src/gmock_vendor': C++ tests using 'Google Mock' will be built
-- Found ament_cmake_gtest: 1.3.5 (/opt/ros/humble/share/ament_cmake_gtest/cmake)
-- Found gtest sources under '/opt/ros/humble/src/gtest_vendor': C++ tests using 'Google Test' will be built
-- Configuring done
-- Generating done
-- Build files have been written to: /home/curdin/franka_ros2_ws/build/cartesian_impedance_control
[ 13%] [32mBuilding CXX object gmock/CMakeFiles/gmock.dir/src/gmock-all.cc.o[0m
[ 13%] [32mBuilding CXX object gmock/CMakeFiles/gmock_main.dir/src/gmock_main.cc.o[0m
[ 26%] [32mBuilding CXX object CMakeFiles/cartesian_impedance_control.dir/src/cartesian_impedance_controller.cpp.o[0m
[ 26%] [32mBuilding CXX object gmock/CMakeFiles/gmock.dir/opt/ros/humble/src/gtest_vendor/src/gtest-all.cc.o[0m
[ 33%] [32m[1mLinking CXX static library libgmock_main.a[0m
[ 33%] Built target gmock_main
[ 40%] [32m[1mLinking CXX static library libgmock.a[0m
[ 40%] Built target gmock
[ 46%] [32mBuilding CXX object CMakeFiles/cartesian_impedance_control_test.dir/test/test_load_gravity_compensation_controller.cpp.o[0m
[ 53%] [32mBuilding CXX object CMakeFiles/cartesian_impedance_control_test_load_move_to_start.dir/test/test_load_move_to_start_example_controller.cpp.o[0m
[ 60%] [32m[1mLinking CXX executable cartesian_impedance_control_test[0m
[ 60%] Built target cartesian_impedance_control_test
[ 66%] [32m[1mLinking CXX executable cartesian_impedance_control_test_load_move_to_start[0m
[ 66%] Built target cartesian_impedance_control_test_load_move_to_start
In file included from [01m[K/usr/include/eigen3/Eigen/Core:341[m[K,
                 from [01m[K/usr/include/eigen3/Eigen/Dense:1[m[K,
                 from [01m[K/home/curdin/franka_ros2_ws/src/cartesian_impedance_control/include/cartesian_impedance_control/cartesian_impedance_controller.hpp:30[m[K,
                 from [01m[K/home/curdin/franka_ros2_ws/src/cartesian_impedance_control/src/cartesian_impedance_controller.cpp:15[m[K:
[01m[K/usr/include/eigen3/Eigen/src/Core/products/TriangularMatrixVector.h:[m[K In function â€˜[01m[Kstatic void Eigen::internal::trmv_selector<Mode, 1>::run(const Lhs&, const Rhs&, Dest&, const typename Dest::Scalar&) [with Lhs = Eigen::Transpose<const Eigen::Block<const Eigen::Block<Eigen::Matrix<double, -1, -1>, -1, -1, false>, -1, -1, false> >; Rhs = Eigen::Transpose<const Eigen::CwiseBinaryOp<Eigen::internal::scalar_product_op<double, double>, const Eigen::CwiseNullaryOp<Eigen::internal::scalar_constant_op<double>, const Eigen::Matrix<double, 1, -1> >, const Eigen::Transpose<const Eigen::Block<const Eigen::Block<const Eigen::Block<Eigen::Matrix<double, -1, -1>, -1, -1, false>, -1, 1, true>, -1, 1, false> > > >; Dest = Eigen::Transpose<Eigen::Block<Eigen::Block<Eigen::Matrix<double, -1, -1, 1, -1, -1>, 1, -1, true>, 1, -1, false> >; int Mode = 6][m[Kâ€™:
[01m[K/usr/include/eigen3/Eigen/src/Core/products/TriangularMatrixVector.h:332:12:[m[K [01;35m[Kwarning: [m[Kâ€˜[01m[Kresult[m[Kâ€™ may be used uninitialized [[01;35m[K]8;;https://gcc.gnu.org/onlinedocs/gcc/Warning-Options.html#index-Wmaybe-uninitialized-Wmaybe-uninitialized]8;;[m[K]
  327 |     [01;35m[Kinternal::triangular_matrix_vector_product[m[K
      |     [01;35m[K~~~~~~~~~~~~~~~~~~~~~~~~~~~~~~~~~~~~~~~~~~[m[K
  328 | [01;35m[K      <Index,Mode,[m[K
      |       [01;35m[K~~~~~~~~~~~~[m[K
  329 | [01;35m[K       LhsScalar, LhsBlasTraits::NeedToConjugate,[m[K
      |        [01;35m[K~~~~~~~~~~~~~~~~~~~~~~~~~~~~~~~~~~~~~~~~~~[m[K
  330 | [01;35m[K       RhsScalar, RhsBlasTraits::NeedToConjugate,[m[K
      |        [01;35m[K~~~~~~~~~~~~~~~~~~~~~~~~~~~~~~~~~~~~~~~~~~[m[K
  331 | [01;35m[K       RowMajor>[m[K
      |        [01;35m[K~~~~~~~~~[m[K
  332 | [01;35m[K      ::run(actualLhs.rows(),actualLhs.cols(),[m[K
      |       [01;35m[K~~~~~^~~~~~~~~~~~~~~~~~~~~~~~~~~~~~~~~~~[m[K
  333 | [01;35m[K            actualLhs.data(),actualLhs.outerStride(),[m[K
      |             [01;35m[K~~~~~~~~~~~~~~~~~~~~~~~~~~~~~~~~~~~~~~~~~[m[K
  334 | [01;35m[K            actualRhsPtr,1,[m[K
      |             [01;35m[K~~~~~~~~~~~~~~~[m[K
  335 | [01;35m[K            dest.data(),dest.innerStride(),[m[K
      |             [01;35m[K~~~~~~~~~~~~~~~~~~~~~~~~~~~~~~~[m[K
  336 | [01;35m[K            actualAlpha)[m[K;
      |             [01;35m[K~~~~~~~~~~~~[m[K
[01m[K/usr/include/eigen3/Eigen/src/Core/products/TriangularMatrixVector.h:105:24:[m[K [01;36m[Knote: [m[Kby argument 5 of type â€˜[01m[Kconst double*[m[Kâ€™ to â€˜[01m[Kstatic void Eigen::internal::triangular_matrix_vector_product<Index, Mode, LhsScalar, ConjLhs, RhsScalar, ConjRhs, 1, Version>::run(Index, Index, const LhsScalar*, Index, const RhsScalar*, Index, Eigen::internal::triangular_matrix_vector_product<Index, Mode, LhsScalar, ConjLhs, RhsScalar, ConjRhs, 1, Version>::ResScalar*, Index, const ResScalar&) [with Index = long int; int Mode = 6; LhsScalar = double; bool ConjLhs = false; RhsScalar = double; bool ConjRhs = false; int Version = 0][m[Kâ€™ declared here
  105 | EIGEN_DONT_INLINE void [01;36m[Ktriangular_matrix_vector_product<Index,Mode,LhsScalar,ConjLhs,RhsScalar,ConjRhs,RowMajor,Version>[m[K
      |                        [01;36m[K^~~~~~~~~~~~~~~~~~~~~~~~~~~~~~~~~~~~~~~~~~~~~~~~~~~~~~~~~~~~~~~~~~~~~~~~~~~~~~~~~~~~~~~~~~~~~~~~~[m[K
[ 73%] [32m[1mLinking CXX shared library libcartesian_impedance_control.so[0m
[ 73%] Built target cartesian_impedance_control
[ 80%] [32mBuilding CXX object CMakeFiles/cartesian_impedance_control_gravity_test.dir/test/test_gravity_compensation_example.cpp.o[0m
[ 86%] [32mBuilding CXX object CMakeFiles/cartesian_impedance_control_move_to_start_test.dir/test/test_move_to_start_example_controller.cpp.o[0m
[ 93%] [32m[1mLinking CXX executable cartesian_impedance_control_gravity_test[0m
/usr/bin/ld: CMakeFiles/cartesian_impedance_control_gravity_test.dir/test/test_gravity_compensation_example.cpp.o: warning: relocation against `_ZTVN26franka_example_controllers36GravityCompensationExampleControllerE' in read-only section `.text'
/usr/bin/ld: CMakeFiles/cartesian_impedance_control_gravity_test.dir/test/test_gravity_compensation_example.cpp.o: in function `TestGravityCompensationExample::SetUp()':
test_gravity_compensation_example.cpp:(.text+0x60): undefined reference to `vtable for franka_example_controllers::GravityCompensationExampleController'
/usr/bin/ld: warning: creating DT_TEXTREL in a PIE
collect2: error: ld returned 1 exit status
gmake[2]: *** [CMakeFiles/cartesian_impedance_control_gravity_test.dir/build.make:315: cartesian_impedance_control_gravity_test] Error 1
gmake[1]: *** [CMakeFiles/Makefile2:264: CMakeFiles/cartesian_impedance_control_gravity_test.dir/all] Error 2
gmake[1]: *** Waiting for unfinished jobs....
[100%] [32m[1mLinking CXX executable cartesian_impedance_control_move_to_start_test[0m
/usr/bin/ld: CMakeFiles/cartesian_impedance_control_move_to_start_test.dir/test/test_move_to_start_example_controller.cpp.o: warning: relocation against `_ZTVN26franka_example_controllers28MoveToStartExampleControllerE' in read-only section `.text'
/usr/bin/ld: CMakeFiles/cartesian_impedance_control_move_to_start_test.dir/test/test_move_to_start_example_controller.cpp.o: in function `MoveToStartExampleControllerTest::SetUp()':
test_move_to_start_example_controller.cpp:(.text+0x12f): undefined reference to `vtable for franka_example_controllers::MoveToStartExampleController'
/usr/bin/ld: warning: creating DT_TEXTREL in a PIE
collect2: error: ld returned 1 exit status
gmake[2]: *** [CMakeFiles/cartesian_impedance_control_move_to_start_test.dir/build.make:315: cartesian_impedance_control_move_to_start_test] Error 1
gmake[1]: *** [CMakeFiles/Makefile2:292: CMakeFiles/cartesian_impedance_control_move_to_start_test.dir/all] Error 2
gmake: *** [Makefile:146: all] Error 2
